<?xml version="1.0" encoding="utf-8"?>
<TestRun id="3467aabb-f5da-4086-8fae-c0c81fce3eff" name="Martin@DESKTOP-CM8OBSG 2026-09-08 08:51:10" runUser="DESKTOP-CM8OBSG\Martin" xmlns="http://microsoft.com/schemas/VisualStudio/TeamTest/2010">
  <Times creation="2026-09-08T08:51:10.2197839+02:00" queuing="2026-09-08T08:51:10.2197844+02:00" start="2026-09-08T08:50:53.7794943+02:00" finish="2026-09-08T08:51:36.3278886+02:00" />
  <TestSettings name="default" id="e479f0c7-04b9-4019-8357-07c9b24ab0ba">
    <Deployment runDeploymentRoot="Martin_DESKTOP-CM8OBSG_2026-09-08_08_51_10" />
  </TestSettings>
  <Results>
    <UnitTestResult executionId="e9c35e39-1a8b-46c4-abaf-f5da95a8e4dd" testId="a57988a4-de64-9deb-4f58-0d88994b54e1" testName="Rezepte.Tests.Browser.LoadingBarColorBrowserTests.LinkClick_UsesColorFromConfiguredPalette" computerName="DESKTOP-CM8OBSG" duration="00:00:00.9157527" startTime="2026-09-08T08:51:34.3747091+02:00" endTime="2026-09-08T08:51:35.2821652+02:00" testType="13cdc9d9-ddb5-4fa4-a97d-d965ccfc6d4b" outcome="Passed" testListId="8c84fa94-04c1-424b-9868-57a2d4851a1d" relativeResultsDirectory="e9c35e39-1a8b-46c4-abaf-f5da95a8e4dd" />
    <UnitTestResult executionId="8ce02a21-8be1-4b62-af97-76b61399373d" testId="9095bc07-e5a7-7d65-64b7-7824dbba747c" testName="Rezepte.Tests.Browser.SecurityTxtBrowserTests.GetSecurityTxt_ReturnsNotFound_WhenDisabled" computerName="DESKTOP-CM8OBSG" duration="00:00:01.6658148" startTime="2026-09-08T08:51:10.2013056+02:00" endTime="2026-09-08T08:51:11.8485382+02:00" testType="13cdc9d9-ddb5-4fa4-a97d-d965ccfc6d4b" outcome="Passed" testListId="8c84fa94-04c1-424b-9868-57a2d4851a1d" relativeResultsDirectory="8ce02a21-8be1-4b62-af97-76b61399373d" />
    <UnitTestResult executionId="42bb3d76-9f1d-46d6-92fe-cc35b046f160" testId="161809fc-19cb-53f1-3016-6d3f62c56865" testName="Rezepte.Tests.Browser.LoadingBarSafetyTimeoutBrowserTests.WhenNavigationNeverCompletes_HidesBarAfterMaxVisibleDuration" computerName="DESKTOP-CM8OBSG" duration="00:00:02.0088400" startTime="2026-09-08T08:51:22.0928592+02:00" endTime="2026-09-08T08:51:24.1021524+02:00" testType="13cdc9d9-ddb5-4fa4-a97d-d965ccfc6d4b" outcome="Passed" testListId="8c84fa94-04c1-424b-9868-57a2d4851a1d" relativeResultsDirectory="42bb3d76-9f1d-46d6-92fe-cc35b046f160" />
    <UnitTestResult executionId="3dcbf713-e4ce-4b5f-b6cc-bb28ff20b92f" testId="6c882060-efbb-892f-306a-6e75e33144ea" testName="Rezepte.Tests.Browser.LoadingBarVisibilityBrowserTests.AfterNavigationCompleted_HidesLoadingBar" computerName="DESKTOP-CM8OBSG" duration="00:00:01.6432526" startTime="2026-09-08T08:51:15.9252641+02:00" endTime="2026-09-08T08:51:17.5690132+02:00" testType="13cdc9d9-ddb5-4fa4-a97d-d965ccfc6d4b" outcome="Passed" testListId="8c84fa94-04c1-424b-9868-57a2d4851a1d" relativeResultsDirectory="3dcbf713-e4ce-4b5f-b6cc-bb28ff20b92f" />
    <UnitTestResult executionId="4a9a4961-b36b-47de-87ca-4bb07dae3415" testId="ead83745-d3fd-86da-9e2e-0d16868693aa" testName="Rezepte.Tests.Browser.SecurityTxtBrowserTests.RegularUser_DoesNotSeeSecurityTxtMenuItemInSettings" computerName="DESKTOP-CM8OBSG" duration="00:00:07.4515346" startTime="2026-09-08T08:51:02.7356300+02:00" endTime="2026-09-08T08:51:10.1758361+02:00" testType="13cdc9d9-ddb5-4fa4-a97d-d965ccfc6d4b" outcome="Passed" testListId="8c84fa94-04c1-424b-9868-57a2d4851a1d" relativeResultsDirectory="4a9a4961-b36b-47de-87ca-4bb07dae3415" />
    <UnitTestResult executionId="5bb1e8c8-23dd-416a-8a48-e6fb7976b4b9" testId="924efa40-7b04-a109-320f-7f427a736189" testName="Rezepte.Tests.Browser.LoadingBarVisibilityBrowserTests.LinkClick_WithDelayedResponse_ActivatesLoadingBar" computerName="DESKTOP-CM8OBSG" duration="00:00:00.7704286" startTime="2026-09-08T08:51:17.5692595+02:00" endTime="2026-09-08T08:51:18.3404641+02:00" testType="13cdc9d9-ddb5-4fa4-a97d-d965ccfc6d4b" outcome="Passed" testListId="8c84fa94-04c1-424b-9868-57a2d4851a1d" relativeResultsDirectory="5bb1e8c8-23dd-416a-8a48-e6fb7976b4b9" />
    <UnitTestResult executionId="c5cb1b65-9a36-43fb-b666-7ae4f6377f96" testId="06ad2c44-90f8-03ea-a322-223775cab76d" testName="Rezepte.Tests.Browser.LoadingBarColorBrowserTests.SecondClickDuringRunningAnimation_ChangesColor" computerName="DESKTOP-CM8OBSG" duration="00:00:00.7950030" startTime="2026-09-08T08:51:33.5702241+02:00" endTime="2026-09-08T08:51:34.3656616+02:00" testType="13cdc9d9-ddb5-4fa4-a97d-d965ccfc6d4b" outcome="Passed" testListId="8c84fa94-04c1-424b-9868-57a2d4851a1d" relativeResultsDirectory="c5cb1b65-9a36-43fb-b666-7ae4f6377f96" />
    <UnitTestResult executionId="5e910fee-1e8b-4fdb-bb2e-12749958315c" testId="f08f6a2b-ab0e-0375-720c-ce6350719df7" testName="Rezepte.Tests.Browser.SecurityTxtBrowserTests.GetSecurityTxt_ReturnsOk_WithoutAuthentication_WhenEnabled" computerName="DESKTOP-CM8OBSG" duration="00:00:01.6622340" startTime="2026-09-08T08:51:13.2010095+02:00" endTime="2026-09-08T08:51:14.8661146+02:00" testType="13cdc9d9-ddb5-4fa4-a97d-d965ccfc6d4b" outcome="Passed" testListId="8c84fa94-04c1-424b-9868-57a2d4851a1d" relativeResultsDirectory="5e910fee-1e8b-4fdb-bb2e-12749958315c" />
    <UnitTestResult executionId="0f76f2a2-149b-4122-b782-85d0d3d72d4a" testId="95608b02-e14f-5577-6275-ac8811103992" testName="Rezepte.Tests.Browser.LoadingBarDisabledBrowserTests.WhenFeatureDisabled_PageContainsNoLoadingBarElement" computerName="DESKTOP-CM8OBSG" duration="00:00:01.0289124" startTime="2026-09-08T08:51:31.6052070+02:00" endTime="2026-09-08T08:51:32.6354976+02:00" testType="13cdc9d9-ddb5-4fa4-a97d-d965ccfc6d4b" outcome="Passed" testListId="8c84fa94-04c1-424b-9868-57a2d4851a1d" relativeResultsDirectory="0f76f2a2-149b-4122-b782-85d0d3d72d4a" />
    <UnitTestResult executionId="1e82e2e6-fe64-4aff-9dcd-7b0a228994e1" testId="8eb05f8e-b2e4-2b29-45bc-cc6dcb6b6f1f" testName="Rezepte.Tests.Browser.LoadingBarFormNavigationBrowserTests.SearchSubmit_ShowsLoadingBar" computerName="DESKTOP-CM8OBSG" duration="00:00:00.8477059" startTime="2026-09-08T08:51:25.1002933+02:00" endTime="2026-09-08T08:51:25.9531563+02:00" testType="13cdc9d9-ddb5-4fa4-a97d-d965ccfc6d4b" outcome="Passed" testListId="8c84fa94-04c1-424b-9868-57a2d4851a1d" relativeResultsDirectory="1e82e2e6-fe64-4aff-9dcd-7b0a228994e1" />
    <UnitTestResult executionId="7268e369-50a2-4df0-999b-931e9113bd94" testId="1f99b484-dddf-e0b3-57e7-d6ee309121ea" testName="Rezepte.Tests.Browser.LoadingBarFormNavigationBrowserTests.InteractiveFormSubmitWithoutNavigation_DoesNotActivateLoadingBar" computerName="DESKTOP-CM8OBSG" duration="00:00:01.7583059" startTime="2026-09-08T08:51:25.9533821+02:00" endTime="2026-09-08T08:51:27.7120234+02:00" testType="13cdc9d9-ddb5-4fa4-a97d-d965ccfc6d4b" outcome="Passed" testListId="8c84fa94-04c1-424b-9868-57a2d4851a1d" relativeResultsDirectory="7268e369-50a2-4df0-999b-931e9113bd94" />
    <UnitTestResult executionId="f9ea8092-37e7-4271-b8a6-819dbcdbede9" testId="6685304d-f35a-0ed7-1bf5-e3fc30a5c676" testName="Rezepte.Tests.Browser.LoadingBarVisibilityBrowserTests.LinkClick_WithDelayedResponse_MakesLoadingBarVisible" computerName="DESKTOP-CM8OBSG" duration="00:00:01.0551675" startTime="2026-09-08T08:51:14.8705031+02:00" endTime="2026-09-08T08:51:15.9248540+02:00" testType="13cdc9d9-ddb5-4fa4-a97d-d965ccfc6d4b" outcome="Passed" testListId="8c84fa94-04c1-424b-9868-57a2d4851a1d" relativeResultsDirectory="f9ea8092-37e7-4271-b8a6-819dbcdbede9" />
    <UnitTestResult executionId="240fb819-dd5c-443f-a056-cdd09c6a57fc" testId="487a3aaf-785e-f473-182f-bd93534dd1dd" testName="Rezepte.Tests.Browser.SecurityTxtBrowserTests.Admin_CanConfigureSecurityTxtViaUi_AndContentAppearsInPublicEndpoint" computerName="DESKTOP-CM8OBSG" duration="00:00:01.3510994" startTime="2026-09-08T08:51:11.8501739+02:00" endTime="2026-09-08T08:51:13.2006920+02:00" testType="13cdc9d9-ddb5-4fa4-a97d-d965ccfc6d4b" outcome="Passed" testListId="8c84fa94-04c1-424b-9868-57a2d4851a1d" relativeResultsDirectory="240fb819-dd5c-443f-a056-cdd09c6a57fc" />
  </Results>
  <TestDefinitions>
    <UnitTest name="Rezepte.Tests.Browser.LoadingBarDisabledBrowserTests.WhenFeatureDisabled_PageContainsNoLoadingBarElement" storage="d:\repositories\softwareschmiede\30e99f2c-a3e5-4743-bef6-edcee9c0e9ca\rezepte.tests.browser\bin\release\net10.0\rezepte.tests.browser.dll" id="95608b02-e14f-5577-6275-ac8811103992">
      <Execution id="0f76f2a2-149b-4122-b782-85d0d3d72d4a" />
      <TestMethod codeBase="D:\Repositories\softwareschmiede\30e99f2c-a3e5-4743-bef6-edcee9c0e9ca\Rezepte.Tests.Browser\bin\Release\net10.0\Rezepte.Tests.Browser.dll" adapterTypeName="executor://xunit/VsTestRunner3/netcore/" className="Rezepte.Tests.Browser.LoadingBarDisabledBrowserTests" name="WhenFeatureDisabled_PageContainsNoLoadingBarElement" />
    </UnitTest>
    <UnitTest name="Rezepte.Tests.Browser.SecurityTxtBrowserTests.GetSecurityTxt_ReturnsNotFound_WhenDisabled" storage="d:\repositories\softwareschmiede\30e99f2c-a3e5-4743-bef6-edcee9c0e9ca\rezepte.tests.browser\bin\release\net10.0\rezepte.tests.browser.dll" id="9095bc07-e5a7-7d65-64b7-7824dbba747c">
      <Execution id="8ce02a21-8be1-4b62-af97-76b61399373d" />
      <TestMethod codeBase="D:\Repositories\softwareschmiede\30e99f2c-a3e5-4743-bef6-edcee9c0e9ca\Rezepte.Tests.Browser\bin\Release\net10.0\Rezepte.Tests.Browser.dll" adapterTypeName="executor://xunit/VsTestRunner3/netcore/" className="Rezepte.Tests.Browser.SecurityTxtBrowserTests" name="GetSecurityTxt_ReturnsNotFound_WhenDisabled" />
    </UnitTest>
    <UnitTest name="Rezepte.Tests.Browser.LoadingBarColorBrowserTests.LinkClick_UsesColorFromConfiguredPalette" storage="d:\repositories\softwareschmiede\30e99f2c-a3e5-4743-bef6-edcee9c0e9ca\rezepte.tests.browser\bin\release\net10.0\rezepte.tests.browser.dll" id="a57988a4-de64-9deb-4f58-0d88994b54e1">
      <Execution id="e9c35e39-1a8b-46c4-abaf-f5da95a8e4dd" />
      <TestMethod codeBase="D:\Repositories\softwareschmiede\30e99f2c-a3e5-4743-bef6-edcee9c0e9ca\Rezepte.Tests.Browser\bin\Release\net10.0\Rezepte.Tests.Browser.dll" adapterTypeName="executor://xunit/VsTestRunner3/netcore/" className="Rezepte.Tests.Browser.LoadingBarColorBrowserTests" name="LinkClick_UsesColorFromConfiguredPalette" />
    </UnitTest>
    <UnitTest name="Rezepte.Tests.Browser.SecurityTxtBrowserTests.RegularUser_DoesNotSeeSecurityTxtMenuItemInSettings" storage="d:\repositories\softwareschmiede\30e99f2c-a3e5-4743-bef6-edcee9c0e9ca\rezepte.tests.browser\bin\release\net10.0\rezepte.tests.browser.dll" id="ead83745-d3fd-86da-9e2e-0d16868693aa">
      <Execution id="4a9a4961-b36b-47de-87ca-4bb07dae3415" />
      <TestMethod codeBase="D:\Repositories\softwareschmiede\30e99f2c-a3e5-4743-bef6-edcee9c0e9ca\Rezepte.Tests.Browser\bin\Release\net10.0\Rezepte.Tests.Browser.dll" adapterTypeName="executor://xunit/VsTestRunner3/netcore/" className="Rezepte.Tests.Browser.SecurityTxtBrowserTests" name="RegularUser_DoesNotSeeSecurityTxtMenuItemInSettings" />
    </UnitTest>
    <UnitTest name="Rezepte.Tests.Browser.SecurityTxtBrowserTests.Admin_CanConfigureSecurityTxtViaUi_AndContentAppearsInPublicEndpoint" storage="d:\repositories\softwareschmiede\30e99f2c-a3e5-4743-bef6-edcee9c0e9ca\rezepte.tests.browser\bin\release\net10.0\rezepte.tests.browser.dll" id="487a3aaf-785e-f473-182f-bd93534dd1dd">
      <Execution id="240fb819-dd5c-443f-a056-cdd09c6a57fc" />
      <TestMethod codeBase="D:\Repositories\softwareschmiede\30e99f2c-a3e5-4743-bef6-edcee9c0e9ca\Rezepte.Tests.Browser\bin\Release\net10.0\Rezepte.Tests.Browser.dll" adapterTypeName="executor://xunit/VsTestRunner3/netcore/" className="Rezepte.Tests.Browser.SecurityTxtBrowserTests" name="Admin_CanConfigureSecurityTxtViaUi_AndContentAppearsInPublicEndpoint" />
    </UnitTest>
    <UnitTest name="Rezepte.Tests.Browser.LoadingBarVisibilityBrowserTests.LinkClick_WithDelayedResponse_ActivatesLoadingBar" storage="d:\repositories\softwareschmiede\30e99f2c-a3e5-4743-bef6-edcee9c0e9ca\rezepte.tests.browser\bin\release\net10.0\rezepte.tests.browser.dll" id="924efa40-7b04-a109-320f-7f427a736189">
      <Execution id="5bb1e8c8-23dd-416a-8a48-e6fb7976b4b9" />
      <TestMethod codeBase="D:\Repositories\softwareschmiede\30e99f2c-a3e5-4743-bef6-edcee9c0e9ca\Rezepte.Tests.Browser\bin\Release\net10.0\Rezepte.Tests.Browser.dll" adapterTypeName="executor://xunit/VsTestRunner3/netcore/" className="Rezepte.Tests.Browser.LoadingBarVisibilityBrowserTests" name="LinkClick_WithDelayedResponse_ActivatesLoadingBar" />
    </UnitTest>
    <UnitTest name="Rezepte.Tests.Browser.LoadingBarVisibilityBrowserTests.AfterNavigationCompleted_HidesLoadingBar" storage="d:\repositories\softwareschmiede\30e99f2c-a3e5-4743-bef6-edcee9c0e9ca\rezepte.tests.browser\bin\release\net10.0\rezepte.tests.browser.dll" id="6c882060-efbb-892f-306a-6e75e33144ea">
      <Execution id="3dcbf713-e4ce-4b5f-b6cc-bb28ff20b92f" />
      <TestMethod codeBase="D:\Repositories\softwareschmiede\30e99f2c-a3e5-4743-bef6-edcee9c0e9ca\Rezepte.Tests.Browser\bin\Release\net10.0\Rezepte.Tests.Browser.dll" adapterTypeName="executor://xunit/VsTestRunner3/netcore/" className="Rezepte.Tests.Browser.LoadingBarVisibilityBrowserTests" name="AfterNavigationCompleted_HidesLoadingBar" />
    </UnitTest>
    <UnitTest name="Rezepte.Tests.Browser.LoadingBarFormNavigationBrowserTests.SearchSubmit_ShowsLoadingBar" storage="d:\repositories\softwareschmiede\30e99f2c-a3e5-4743-bef6-edcee9c0e9ca\rezepte.tests.browser\bin\release\net10.0\rezepte.tests.browser.dll" id="8eb05f8e-b2e4-2b29-45bc-cc6dcb6b6f1f">
      <Execution id="1e82e2e6-fe64-4aff-9dcd-7b0a228994e1" />
      <TestMethod codeBase="D:\Repositories\softwareschmiede\30e99f2c-a3e5-4743-bef6-edcee9c0e9ca\Rezepte.Tests.Browser\bin\Release\net10.0\Rezepte.Tests.Browser.dll" adapterTypeName="executor://xunit/VsTestRunner3/netcore/" className="Rezepte.Tests.Browser.LoadingBarFormNavigationBrowserTests" name="SearchSubmit_ShowsLoadingBar" />
    </UnitTest>
    <UnitTest name="Rezepte.Tests.Browser.LoadingBarFormNavigationBrowserTests.InteractiveFormSubmitWithoutNavigation_DoesNotActivateLoadingBar" storage="d:\repositories\softwareschmiede\30e99f2c-a3e5-4743-bef6-edcee9c0e9ca\rezepte.tests.browser\bin\release\net10.0\rezepte.tests.browser.dll" id="1f99b484-dddf-e0b3-57e7-d6ee309121ea">
      <Execution id="7268e369-50a2-4df0-999b-931e9113bd94" />
      <TestMethod codeBase="D:\Repositories\softwareschmiede\30e99f2c-a3e5-4743-bef6-edcee9c0e9ca\Rezepte.Tests.Browser\bin\Release\net10.0\Rezepte.Tests.Browser.dll" adapterTypeName="executor://xunit/VsTestRunner3/netcore/" className="Rezepte.Tests.Browser.LoadingBarFormNavigationBrowserTests" name="InteractiveFormSubmitWithoutNavigation_DoesNotActivateLoadingBar" />
    </UnitTest>
    <UnitTest name="Rezepte.Tests.Browser.LoadingBarSafetyTimeoutBrowserTests.WhenNavigationNeverCompletes_HidesBarAfterMaxVisibleDuration" storage="d:\repositories\softwareschmiede\30e99f2c-a3e5-4743-bef6-edcee9c0e9ca\rezepte.tests.browser\bin\release\net10.0\rezepte.tests.browser.dll" id="161809fc-19cb-53f1-3016-6d3f62c56865">
      <Execution id="42bb3d76-9f1d-46d6-92fe-cc35b046f160" />
      <TestMethod codeBase="D:\Repositories\softwareschmiede\30e99f2c-a3e5-4743-bef6-edcee9c0e9ca\Rezepte.Tests.Browser\bin\Release\net10.0\Rezepte.Tests.Browser.dll" adapterTypeName="executor://xunit/VsTestRunner3/netcore/" className="Rezepte.Tests.Browser.LoadingBarSafetyTimeoutBrowserTests" name="WhenNavigationNeverCompletes_HidesBarAfterMaxVisibleDuration" />
    </UnitTest>
    <UnitTest name="Rezepte.Tests.Browser.LoadingBarVisibilityBrowserTests.LinkClick_WithDelayedResponse_MakesLoadingBarVisible" storage="d:\repositories\softwareschmiede\30e99f2c-a3e5-4743-bef6-edcee9c0e9ca\rezepte.tests.browser\bin\release\net10.0\rezepte.tests.browser.dll" id="6685304d-f35a-0ed7-1bf5-e3fc30a5c676">
      <Execution id="f9ea8092-37e7-4271-b8a6-819dbcdbede9" />
      <TestMethod codeBase="D:\Repositories\softwareschmiede\30e99f2c-a3e5-4743-bef6-edcee9c0e9ca\Rezepte.Tests.Browser\bin\Release\net10.0\Rezepte.Tests.Browser.dll" adapterTypeName="executor://xunit/VsTestRunner3/netcore/" className="Rezepte.Tests.Browser.LoadingBarVisibilityBrowserTests" name="LinkClick_WithDelayedResponse_MakesLoadingBarVisible" />
    </UnitTest>
    <UnitTest name="Rezepte.Tests.Browser.LoadingBarColorBrowserTests.SecondClickDuringRunningAnimation_ChangesColor" storage="d:\repositories\softwareschmiede\30e99f2c-a3e5-4743-bef6-edcee9c0e9ca\rezepte.tests.browser\bin\release\net10.0\rezepte.tests.browser.dll" id="06ad2c44-90f8-03ea-a322-223775cab76d">
      <Execution id="c5cb1b65-9a36-43fb-b666-7ae4f6377f96" />
      <TestMethod codeBase="D:\Repositories\softwareschmiede\30e99f2c-a3e5-4743-bef6-edcee9c0e9ca\Rezepte.Tests.Browser\bin\Release\net10.0\Rezepte.Tests.Browser.dll" adapterTypeName="executor://xunit/VsTestRunner3/netcore/" className="Rezepte.Tests.Browser.LoadingBarColorBrowserTests" name="SecondClickDuringRunningAnimation_ChangesColor" />
    </UnitTest>
    <UnitTest name="Rezepte.Tests.Browser.SecurityTxtBrowserTests.GetSecurityTxt_ReturnsOk_WithoutAuthentication_WhenEnabled" storage="d:\repositories\softwareschmiede\30e99f2c-a3e5-4743-bef6-edcee9c0e9ca\rezepte.tests.browser\bin\release\net10.0\rezepte.tests.browser.dll" id="f08f6a2b-ab0e-0375-720c-ce6350719df7">
      <Execution id="5e910fee-1e8b-4fdb-bb2e-12749958315c" />
      <TestMethod codeBase="D:\Repositories\softwareschmiede\30e99f2c-a3e5-4743-bef6-edcee9c0e9ca\Rezepte.Tests.Browser\bin\Release\net10.0\Rezepte.Tests.Browser.dll" adapterTypeName="executor://xunit/VsTestRunner3/netcore/" className="Rezepte.Tests.Browser.SecurityTxtBrowserTests" name="GetSecurityTxt_ReturnsOk_WithoutAuthentication_WhenEnabled" />
    </UnitTest>
  </TestDefinitions>
  <TestEntries>
    <TestEntry testId="a57988a4-de64-9deb-4f58-0d88994b54e1" executionId="e9c35e39-1a8b-46c4-abaf-f5da95a8e4dd" testListId="8c84fa94-04c1-424b-9868-57a2d4851a1d" />
    <TestEntry testId="9095bc07-e5a7-7d65-64b7-7824dbba747c" executionId="8ce02a21-8be1-4b62-af97-76b61399373d" testListId="8c84fa94-04c1-424b-9868-57a2d4851a1d" />
    <TestEntry testId="161809fc-19cb-53f1-3016-6d3f62c56865" executionId="42bb3d76-9f1d-46d6-92fe-cc35b046f160" testListId="8c84fa94-04c1-424b-9868-57a2d4851a1d" />
    <TestEntry testId="6c882060-efbb-892f-306a-6e75e33144ea" executionId="3dcbf713-e4ce-4b5f-b6cc-bb28ff20b92f" testListId="8c84fa94-04c1-424b-9868-57a2d4851a1d" />
    <TestEntry testId="ead83745-d3fd-86da-9e2e-0d16868693aa" executionId="4a9a4961-b36b-47de-87ca-4bb07dae3415" testListId="8c84fa94-04c1-424b-9868-57a2d4851a1d" />
    <TestEntry testId="924efa40-7b04-a109-320f-7f427a736189" executionId="5bb1e8c8-23dd-416a-8a48-e6fb7976b4b9" testListId="8c84fa94-04c1-424b-9868-57a2d4851a1d" />
    <TestEntry testId="06ad2c44-90f8-03ea-a322-223775cab76d" executionId="c5cb1b65-9a36-43fb-b666-7ae4f6377f96" testListId="8c84fa94-04c1-424b-9868-57a2d4851a1d" />
    <TestEntry testId="f08f6a2b-ab0e-0375-720c-ce6350719df7" executionId="5e910fee-1e8b-4fdb-bb2e-12749958315c" testListId="8c84fa94-04c1-424b-9868-57a2d4851a1d" />
    <TestEntry testId="95608b02-e14f-5577-6275-ac8811103992" executionId="0f76f2a2-149b-4122-b782-85d0d3d72d4a" testListId="8c84fa94-04c1-424b-9868-57a2d4851a1d" />
    <TestEntry testId="8eb05f8e-b2e4-2b29-45bc-cc6dcb6b6f1f" executionId="1e82e2e6-fe64-4aff-9dcd-7b0a228994e1" testListId="8c84fa94-04c1-424b-9868-57a2d4851a1d" />
    <TestEntry testId="1f99b484-dddf-e0b3-57e7-d6ee309121ea" executionId="7268e369-50a2-4df0-999b-931e9113bd94" testListId="8c84fa94-04c1-424b-9868-57a2d4851a1d" />
    <TestEntry testId="6685304d-f35a-0ed7-1bf5-e3fc30a5c676" executionId="f9ea8092-37e7-4271-b8a6-819dbcdbede9" testListId="8c84fa94-04c1-424b-9868-57a2d4851a1d" />
    <TestEntry testId="487a3aaf-785e-f473-182f-bd93534dd1dd" executionId="240fb819-dd5c-443f-a056-cdd09c6a57fc" testListId="8c84fa94-04c1-424b-9868-57a2d4851a1d" />
  </TestEntries>
  <TestLists>
    <TestList name="Ergebnisse nicht in einer Liste" id="8c84fa94-04c1-424b-9868-57a2d4851a1d" />
    <TestList name="Alle geladenen Ergebnisse" id="19431567-8539-422a-85d7-44ee4e166bda" />
  </TestLists>
  <ResultSummary outcome="Completed">
    <Counters total="13" executed="13" passed="13" failed="0" error="0" timeout="0" aborted="0" inconclusive="0" passedButRunAborted="0" notRunnable="0" notExecuted="0" disconnected="0" warning="0" completed="0" inProgress="0" pending="0" />
    <Output>
      <StdOut>[xUnit.net 00:00:00.00] xUnit.net VSTest Adapter v3.1.5+1b188a7b0a (64-bit .NET 10.0.11)&#xD;
[xUnit.net 00:00:00.43]   Discovering: Rezepte.Tests.Browser&#xD;
[xUnit.net 00:00:00.60]   Discovered:  Rezepte.Tests.Browser&#xD;
[xUnit.net 00:00:00.63]   Starting:    Rezepte.Tests.Browser&#xD;
     Warning:&#xD;
     The component "Fluent Assertions" is governed by the rules defined in the Xceed License Agreement and&#xD;
     the Xceed Fluent Assertions Community License. You may use Fluent Assertions free of charge for&#xD;
     non-commercial use only. An active subscription is required to use Fluent Assertions for commercial use.&#xD;
     Please contact Xceed Sales mailto:sales@xceed.com to acquire a subscription at a very low cost.&#xD;
     A paid commercial license supports the development and continued increasing support of&#xD;
     Fluent Assertions users under both commercial and community licenses. Help us&#xD;
     keep Fluent Assertions at the forefront of unit testing.&#xD;
     For more information, visit https://xceed.com/products/unit-testing/fluent-assertions/&#xD;
[xUnit.net 00:00:40.69]   Finished:    Rezepte.Tests.Browser&#xD;
</StdOut>
    </Output>
  </ResultSummary>
</TestRun>