<?xml version="1.0" encoding="utf-8"?>
<TestRun id="64058a7f-9677-4a98-bbe1-0385e510874a" name="Martin@DESKTOP-CM8OBSG 2026-09-08 08:48:38" runUser="DESKTOP-CM8OBSG\Martin" xmlns="http://microsoft.com/schemas/VisualStudio/TeamTest/2010">
  <Times creation="2026-09-08T08:48:38.3840519+02:00" queuing="2026-09-08T08:48:38.3840526+02:00" start="2026-09-08T08:48:34.8927090+02:00" finish="2026-09-08T08:50:28.6540796+02:00" />
  <TestSettings name="default" id="da1f42bd-fbd0-4dae-8c68-faca9ef71124">
    <Deployment runDeploymentRoot="Martin_DESKTOP-CM8OBSG_2026-09-08_08_48_38" />
  </TestSettings>
  <Results>
    <UnitTestResult executionId="25008b5c-7731-4d03-b9bf-957a522ac2b4" testId="b56564bf-fa66-994c-6c77-1bf139dd99c8" testName="Rezepte.Tests.Services.Import.PluginManagerTests.InitializeAsync_ShouldMarkPluginWithInvalidHandlerTypeAsIncompatible" computerName="DESKTOP-CM8OBSG" duration="00:00:00.0759443" startTime="2026-09-08T08:48:41.3556193+02:00" endTime="2026-09-08T08:48:41.4311792+02:00" testType="13cdc9d9-ddb5-4fa4-a97d-d965ccfc6d4b" outcome="Passed" testListId="8c84fa94-04c1-424b-9868-57a2d4851a1d" relativeResultsDirectory="25008b5c-7731-4d03-b9bf-957a522ac2b4" />
    <UnitTestResult executionId="237c179b-ecb0-421c-803d-1e83b227c798" testId="78cb4e23-a566-edb9-db3d-b5818ceb386e" testName="Rezepte.Tests.Services.LoadingBarServiceValidationTests.GetSettings_WithMaxVisibleDurationBelowMinimum_FallsBackToDefaultMaxVisibleDuration" computerName="DESKTOP-CM8OBSG" duration="00:00:00.0001558" startTime="2026-09-08T08:48:40.0017044+02:00" endTime="2026-09-08T08:48:40.0020196+02:00" testType="13cdc9d9-ddb5-4fa4-a97d-d965ccfc6d4b" outcome="Passed" testListId="8c84fa94-04c1-424b-9868-57a2d4851a1d" relativeResultsDirectory="237c179b-ecb0-421c-803d-1e83b227c798" />
    <UnitTestResult executionId="44650b8c-35eb-4096-b72f-df351d753eb7" testId="683f20d1-1fd8-0f63-07e5-e4e197e1b812" testName="Rezepte.Tests.Services.Validation.UsernameValidatorTests.Validate_ShouldRejectReservedUsernames(username: &quot;contact&quot;)" computerName="DESKTOP-CM8OBSG" duration="00:00:00.0000061" startTime="2026-09-08T08:48:38.9183602+02:00" endTime="2026-09-08T08:48:38.9183930+02:00" testType="13cdc9d9-ddb5-4fa4-a97d-d965ccfc6d4b" outcome="Passed" testListId="8c84fa94-04c1-424b-9868-57a2d4851a1d" relativeResultsDirectory="44650b8c-35eb-4096-b72f-df351d753eb7" />
    <UnitTestResult executionId="af220aab-c5b6-45ab-9dbf-b2999981c7e5" testId="0ac163b8-0326-4bb0-9dc4-9cae1004b473" testName="Rezepte.Tests.Controllers.AdminExportCleanupControllerTests.UpdateSettings_ShouldRejectInvalidTime(value: &quot;&quot;)" computerName="DESKTOP-CM8OBSG" duration="00:00:00.0002439" startTime="2026-09-08T08:48:39.9762875+02:00" endTime="2026-09-08T08:48:39.9768735+02:00" testType="13cdc9d9-ddb5-4fa4-a97d-d965ccfc6d4b" outcome="Passed" testListId="8c84fa94-04c1-424b-9868-57a2d4851a1d" relativeResultsDirectory="af220aab-c5b6-45ab-9dbf-b2999981c7e5" />
    <UnitTestResult executionId="d0e45814-193c-4762-bba5-39dcbf8e6492" testId="ce50d73c-a3a6-4b0c-bce0-482e72400591" testName="Rezepte.Tests.Services.Import.PluginPackageValidatorTests.ValidateAsync_ShouldRejectZipPathTraversal" computerName="DESKTOP-CM8OBSG" duration="00:00:00.5952859" startTime="2026-09-08T08:48:37.7707936+02:00" endTime="2026-09-08T08:48:38.3515497+02:00" testType="13cdc9d9-ddb5-4fa4-a97d-d965ccfc6d4b" outcome="Passed" testListId="8c84fa94-04c1-424b-9868-57a2d4851a1d" relativeResultsDirectory="d0e45814-193c-4762-bba5-39dcbf8e6492" />
    <UnitTestResult executionId="45940ad2-eca8-4a45-81d5-a2062915ba46" testId="2232cad5-8180-6bec-8ff4-b2b5ce488c4d" testName="Rezepte.Tests.Services.LoadingBarServiceDurationParsingTests.GetSettings_WithMaxVisibleDurationInSeconds_ConvertsToMilliseconds" computerName="DESKTOP-CM8OBSG" duration="00:00:00.0001603" startTime="2026-09-08T08:48:38.9080010+02:00" endTime="2026-09-08T08:48:38.9080309+02:00" testType="13cdc9d9-ddb5-4fa4-a97d-d965ccfc6d4b" outcome="Passed" testListId="8c84fa94-04c1-424b-9868-57a2d4851a1d" relativeResultsDirectory="45940ad2-eca8-4a45-81d5-a2062915ba46" />
    <UnitTestResult executionId="4673ca2c-276d-475f-b8c5-a304282be41a" testId="94ee687a-49be-49ab-33e1-25a18c6c3c77" testName="Rezepte.Tests.Services.Validation.UsernameValidatorTests.Validate_ShouldRejectReservedUsernames(username: &quot;login&quot;)" computerName="DESKTOP-CM8OBSG" duration="00:00:00.0000075" startTime="2026-09-08T08:48:38.9172549+02:00" endTime="2026-09-08T08:48:38.9172904+02:00" testType="13cdc9d9-ddb5-4fa4-a97d-d965ccfc6d4b" outcome="Passed" testListId="8c84fa94-04c1-424b-9868-57a2d4851a1d" relativeResultsDirectory="4673ca2c-276d-475f-b8c5-a304282be41a" />
    <UnitTestResult executionId="0e69a6e3-dc0d-4ef6-8d8f-93a6cba65da5" testId="2694ae06-a030-a21f-ee11-0412af3743c2" testName="Rezepte.Tests.Services.Import.SdkImportParserBaseTests.ParseIsoDurationToMinutes_ShouldConvertDuration(value: &quot;PT1H30M&quot;, expected: 90)" computerName="DESKTOP-CM8OBSG" duration="00:00:00.0000020" startTime="2026-09-08T08:48:38.3756777+02:00" endTime="2026-09-08T08:48:38.3757132+02:00" testType="13cdc9d9-ddb5-4fa4-a97d-d965ccfc6d4b" outcome="Passed" testListId="8c84fa94-04c1-424b-9868-57a2d4851a1d" relativeResultsDirectory="0e69a6e3-dc0d-4ef6-8d8f-93a6cba65da5" />
    <UnitTestResult executionId="5c761b87-b3eb-47e0-bf44-186ffa1619d7" testId="32d3b1c9-e6fe-36a5-967c-769e3f3a91ef" testName="Rezepte.Tests.Security.PasswordHasherTests.Hash_ShouldThrow_WhenIterationsOutsidePolicy(iterations: 0)" computerName="DESKTOP-CM8OBSG" duration="00:00:00.0001986" startTime="2026-09-08T08:48:39.8938451+02:00" endTime="2026-09-08T08:48:39.8938876+02:00" testType="13cdc9d9-ddb5-4fa4-a97d-d965ccfc6d4b" outcome="Passed" testListId="8c84fa94-04c1-424b-9868-57a2d4851a1d" relativeResultsDirectory="5c761b87-b3eb-47e0-bf44-186ffa1619d7" />
    <UnitTestResult executionId="a42084b1-ce99-419e-b1a3-a240e123ef9e" testId="78b37bf8-3c16-ffde-591e-4e51cec03b36" testName="Rezepte.Tests.Services.ApplicationUpdatePreInstallHandlerTests.ApplicationUpdateHostedService_ShouldCancelInstall_WhenPreInstallBackupFails" computerName="DESKTOP-CM8OBSG" duration="00:00:00.0050107" startTime="2026-09-08T08:48:38.8119457+02:00" endTime="2026-09-08T08:48:38.8168690+02:00" testType="13cdc9d9-ddb5-4fa4-a97d-d965ccfc6d4b" outcome="Passed" testListId="8c84fa94-04c1-424b-9868-57a2d4851a1d" relativeResultsDirectory="a42084b1-ce99-419e-b1a3-a240e123ef9e" />
    <UnitTestResult executionId="b6fe23ef-dc38-4974-aecd-6f7d82640f7e" testId="15c008c0-385e-16e7-401a-cb7b2f36fb36" testName="Rezepte.Tests.Services.Import.PluginSettingsServiceTests.SetEnabledAsync_ShouldPersistActivation" computerName="DESKTOP-CM8OBSG" duration="00:00:00.0021785" startTime="2026-09-08T08:48:40.5982648+02:00" endTime="2026-09-08T08:48:40.6003924+02:00" testType="13cdc9d9-ddb5-4fa4-a97d-d965ccfc6d4b" outcome="Passed" testListId="8c84fa94-04c1-424b-9868-57a2d4851a1d" relativeResultsDirectory="b6fe23ef-dc38-4974-aecd-6f7d82640f7e" />
    <UnitTestResult executionId="8066226d-95e6-4c0c-8c65-0be0bd9f810c" testId="6b79239c-f319-339e-f6e9-41a9e13386f5" testName="Rezepte.Tests.Security.RemoteUrlGuardTests.TryValidateAsync_RejectsInternalAddresses(url: &quot;http://169.254.169.254/latest/meta-data&quot;)" computerName="DESKTOP-CM8OBSG" duration="00:00:00.0000061" startTime="2026-09-08T08:48:39.9495796+02:00" endTime="2026-09-08T08:48:39.9496101+02:00" testType="13cdc9d9-ddb5-4fa4-a97d-d965ccfc6d4b" outcome="Passed" testListId="8c84fa94-04c1-424b-9868-57a2d4851a1d" relativeResultsDirectory="8066226d-95e6-4c0c-8c65-0be0bd9f810c" />
    <UnitTestResult executionId="e70fb88f-d9d0-4fbb-9f84-9de43d1b4b2c" testId="f0b69a8f-192b-bffb-b505-5574627fbd33" testName="Rezepte.Tests.Services.ExportServiceRestoreTests.RestoreFromZipAsync_ShouldRollback_WhenTotalImageSizeExceeded" computerName="DESKTOP-CM8OBSG" duration="00:00:00.3250658" startTime="2026-09-08T08:48:41.1884195+02:00" endTime="2026-09-08T08:48:41.5131927+02:00" testType="13cdc9d9-ddb5-4fa4-a97d-d965ccfc6d4b" outcome="Passed" testListId="8c84fa94-04c1-424b-9868-57a2d4851a1d" relativeResultsDirectory="e70fb88f-d9d0-4fbb-9f84-9de43d1b4b2c" />
    <UnitTestResult executionId="56fc2208-c443-4a4a-b53b-3da92868a207" testId="a3be0229-8522-875b-72a8-e0b2cd2553e3" testName="Rezepte.Tests.Services.AiUsageServiceTests.TryRecordRequestAsync_counts_only_request_entries_and_blocks_when_limit_reached" computerName="DESKTOP-CM8OBSG" duration="00:00:02.3420820" startTime="2026-09-08T08:48:38.1359815+02:00" endTime="2026-09-08T08:48:40.4780604+02:00" testType="13cdc9d9-ddb5-4fa4-a97d-d965ccfc6d4b" outcome="Passed" testListId="8c84fa94-04c1-424b-9868-57a2d4851a1d" relativeResultsDirectory="56fc2208-c443-4a4a-b53b-3da92868a207" />
    <UnitTestResult executionId="44eb44e4-cdf0-4881-94f7-323e9ff2140c" testId="16e34a0f-3118-5dc6-fc8c-84322bafbec5" testName="Rezepte.Tests.Services.Import.AIImportHandlerActivationTests.AIUrl_IsInactive_WhenGeminiAuthenticationIsMissing" computerName="DESKTOP-CM8OBSG" duration="00:00:00.0025881" startTime="2026-09-08T08:48:40.2139620+02:00" endTime="2026-09-08T08:48:40.2163970+02:00" testType="13cdc9d9-ddb5-4fa4-a97d-d965ccfc6d4b" outcome="Passed" testListId="8c84fa94-04c1-424b-9868-57a2d4851a1d" relativeResultsDirectory="44eb44e4-cdf0-4881-94f7-323e9ff2140c" />
    <UnitTestResult executionId="154a8f97-a136-4386-9e42-317a7061a8f3" testId="c384242e-deb4-6236-ebbb-3167cc60123d" testName="Rezepte.Tests.Services.ShoppingListQuantityParserTests.ParseQuantity_ShouldSplitAmountAndUnit(input: &quot;&quot;, expectedAmount: 0, expectedUnit: null)" computerName="DESKTOP-CM8OBSG" duration="00:00:00.0000023" startTime="2026-09-08T08:48:40.5062922+02:00" endTime="2026-09-08T08:48:40.5063281+02:00" testType="13cdc9d9-ddb5-4fa4-a97d-d965ccfc6d4b" outcome="Passed" testListId="8c84fa94-04c1-424b-9868-57a2d4851a1d" relativeResultsDirectory="154a8f97-a136-4386-9e42-317a7061a8f3" />
    <UnitTestResult executionId="0939a403-0654-48fd-bee2-36d9032508d6" testId="357ca3cf-96f7-e756-e308-339f05e97467" testName="Rezepte.Tests.Services.Import.PluginManagerTests.InitializeAsync_ShouldMarkPreviouslyConfiguredPluginAsMissing" computerName="DESKTOP-CM8OBSG" duration="00:00:00.0083267" startTime="2026-09-08T08:48:41.6610341+02:00" endTime="2026-09-08T08:48:41.6685275+02:00" testType="13cdc9d9-ddb5-4fa4-a97d-d965ccfc6d4b" outcome="Passed" testListId="8c84fa94-04c1-424b-9868-57a2d4851a1d" relativeResultsDirectory="0939a403-0654-48fd-bee2-36d9032508d6" />
    <UnitTestResult executionId="658d17ed-6ecc-4ae1-af97-7eb2bc07aac5" testId="84c64843-8ef0-bb41-ff33-c0efe2b5e1d1" testName="Rezepte.Tests.Services.Validation.UsernameValidatorTests.Validate_ShouldRejectInvalidCharacters(username: &quot;max@mustermann&quot;)" computerName="DESKTOP-CM8OBSG" duration="00:00:00.0001278" startTime="2026-09-08T08:48:38.9244477+02:00" endTime="2026-09-08T08:48:38.9244843+02:00" testType="13cdc9d9-ddb5-4fa4-a97d-d965ccfc6d4b" outcome="Passed" testListId="8c84fa94-04c1-424b-9868-57a2d4851a1d" relativeResultsDirectory="658d17ed-6ecc-4ae1-af97-7eb2bc07aac5" />
    <UnitTestResult executionId="368a4770-7bc9-467e-97c7-09aa54e4293a" testId="827e5e80-ec44-dc49-fecc-4322613ec811" testName="Rezepte.Tests.Services.SecurityTxtRendererTests.RenderPlainText_ShouldReturnRfc9116Format_WhenAllFieldsSet" computerName="DESKTOP-CM8OBSG" duration="00:00:00.0018000" startTime="2026-09-08T08:48:38.3678330+02:00" endTime="2026-09-08T08:48:38.3709637+02:00" testType="13cdc9d9-ddb5-4fa4-a97d-d965ccfc6d4b" outcome="Passed" testListId="8c84fa94-04c1-424b-9868-57a2d4851a1d" relativeResultsDirectory="368a4770-7bc9-467e-97c7-09aa54e4293a" />
    <UnitTestResult executionId="8e5e4a74-dff8-4bc9-9d0b-4955fada46ec" testId="c5345639-2657-bf4f-08ad-a68baa363893" testName="Rezepte.Tests.Services.CurrentUserAccessorTests.WaitForUserAsync_ShouldCompleteWhenUserIsSetLater" computerName="DESKTOP-CM8OBSG" duration="00:00:00.0009406" startTime="2026-09-08T08:48:40.4583234+02:00" endTime="2026-09-08T08:48:40.4589849+02:00" testType="13cdc9d9-ddb5-4fa4-a97d-d965ccfc6d4b" outcome="Passed" testListId="8c84fa94-04c1-424b-9868-57a2d4851a1d" relativeResultsDirectory="8e5e4a74-dff8-4bc9-9d0b-4955fada46ec" />
    <UnitTestResult executionId="17f43165-3bbf-4a16-ba4a-d1b77ee48e91" testId="9f0ea2a3-bb7f-b040-a1a5-aa1d2ac5a3c6" testName="Rezepte.Tests.Services.Validation.UsernameValidatorTests.Validate_ShouldRejectReservedUsernames(username: &quot;null&quot;)" computerName="DESKTOP-CM8OBSG" duration="00:00:00.0000071" startTime="2026-09-08T08:48:38.9182390+02:00" endTime="2026-09-08T08:48:38.9182856+02:00" testType="13cdc9d9-ddb5-4fa4-a97d-d965ccfc6d4b" outcome="Passed" testListId="8c84fa94-04c1-424b-9868-57a2d4851a1d" relativeResultsDirectory="17f43165-3bbf-4a16-ba4a-d1b77ee48e91" />
    <UnitTestResult executionId="c6ea8a03-eb9a-433c-b0d3-e533b6eb000c" testId="8ef701a0-f719-6642-614e-1a3369927e29" testName="Rezepte.Tests.Services.Validation.UsernameValidatorTests.Validate_ShouldRejectReservedUsernames(username: &quot;self&quot;)" computerName="DESKTOP-CM8OBSG" duration="00:00:00.0000046" startTime="2026-09-08T08:48:38.9185715+02:00" endTime="2026-09-08T08:48:38.9186066+02:00" testType="13cdc9d9-ddb5-4fa4-a97d-d965ccfc6d4b" outcome="Passed" testListId="8c84fa94-04c1-424b-9868-57a2d4851a1d" relativeResultsDirectory="c6ea8a03-eb9a-433c-b0d3-e533b6eb000c" />
    <UnitTestResult executionId="cad767eb-8d2e-45b1-a4b0-f115c992b80a" testId="3d14385a-d430-1ddd-f618-f32b9164a536" testName="Rezepte.Tests.Services.Import.AIFotoImportPluginTests.CheckUsabilityAsync_ShouldReportMissingVisionServiceAccount" computerName="DESKTOP-CM8OBSG" duration="00:00:00.0026161" startTime="2026-09-08T08:48:39.2517175+02:00" endTime="2026-09-08T08:48:39.2542987+02:00" testType="13cdc9d9-ddb5-4fa4-a97d-d965ccfc6d4b" outcome="Passed" testListId="8c84fa94-04c1-424b-9868-57a2d4851a1d" relativeResultsDirectory="cad767eb-8d2e-45b1-a4b0-f115c992b80a" />
    <UnitTestResult executionId="7341e34c-d2cf-45b8-bc44-1bb3050dafc5" testId="f497ba8f-df13-c3f2-df20-10924a5360aa" testName="Rezepte.Tests.Services.ExportCleanupServiceTests.RunCleanupAsync_ShouldDeleteOrphanedArchivesOlderThanOneDay" computerName="DESKTOP-CM8OBSG" duration="00:00:00.0052514" startTime="2026-09-08T08:48:40.5602064+02:00" endTime="2026-09-08T08:48:40.5670566+02:00" testType="13cdc9d9-ddb5-4fa4-a97d-d965ccfc6d4b" outcome="Passed" testListId="8c84fa94-04c1-424b-9868-57a2d4851a1d" relativeResultsDirectory="7341e34c-d2cf-45b8-bc44-1bb3050dafc5" />
    <UnitTestResult executionId="bef44915-d334-4da9-93ce-557d00190b85" testId="a434b504-c043-2962-c645-e49e749ffd53" testName="Rezepte.Tests.Services.Import.PluginManagerTests.InitializeAsync_ShouldDiscoverExternalPluginFromSubfolderWithAdjacentAbstractionsAssembly" computerName="DESKTOP-CM8OBSG" duration="00:00:00.2620069" startTime="2026-09-08T08:48:40.2295792+02:00" endTime="2026-09-08T08:48:40.4919198+02:00" testType="13cdc9d9-ddb5-4fa4-a97d-d965ccfc6d4b" outcome="Passed" testListId="8c84fa94-04c1-424b-9868-57a2d4851a1d" relativeResultsDirectory="bef44915-d334-4da9-93ce-557d00190b85" />
    <UnitTestResult executionId="f9ab7cc4-9d4d-46bf-abbc-ee2582596a01" testId="35d9bd0a-f8c4-a1ad-b228-5906b125c2fc" testName="Rezepte.Tests.Services.ExportCleanupServiceTests.IsCleanupDue_ShouldBeTrue_WhenNeverRun" computerName="DESKTOP-CM8OBSG" duration="00:00:00.0011988" startTime="2026-09-08T08:48:40.4970633+02:00" endTime="2026-09-08T08:48:40.4980101+02:00" testType="13cdc9d9-ddb5-4fa4-a97d-d965ccfc6d4b" outcome="Passed" testListId="8c84fa94-04c1-424b-9868-57a2d4851a1d" relativeResultsDirectory="f9ab7cc4-9d4d-46bf-abbc-ee2582596a01" />
    <UnitTestResult executionId="6d39853f-7b66-4e64-a3e0-d66b032456a3" testId="5b44adb4-5cab-b103-f94a-db70c57cf6bd" testName="Rezepte.Tests.Services.Import.WebImportParserBaseTests.ParseIsoDurationToMinutes_ShouldConvertDuration(value: &quot;  &quot;, expected: 0)" computerName="DESKTOP-CM8OBSG" duration="00:00:00.0003282" startTime="2026-09-08T08:48:39.2782043+02:00" endTime="2026-09-08T08:48:39.2782971+02:00" testType="13cdc9d9-ddb5-4fa4-a97d-d965ccfc6d4b" outcome="Passed" testListId="8c84fa94-04c1-424b-9868-57a2d4851a1d" relativeResultsDirectory="6d39853f-7b66-4e64-a3e0-d66b032456a3" />
    <UnitTestResult executionId="0abcb166-865f-467f-ba22-e37c2764f658" testId="ea84f1ff-35fa-5b23-3496-c1e747d8651f" testName="Rezepte.Tests.Services.CookbookServiceTests.GetAllAsync_ShouldReturnOnlyUserCookbooks" computerName="DESKTOP-CM8OBSG" duration="00:00:00.0183756" startTime="2026-09-08T08:48:40.4885372+02:00" endTime="2026-09-08T08:48:40.5412801+02:00" testType="13cdc9d9-ddb5-4fa4-a97d-d965ccfc6d4b" outcome="Passed" testListId="8c84fa94-04c1-424b-9868-57a2d4851a1d" relativeResultsDirectory="0abcb166-865f-467f-ba22-e37c2764f658" />
    <UnitTestResult executionId="4fedfde7-ab46-4ca6-bc7c-569fbcf37608" testId="bc9ab5c1-4275-3f68-75f9-2e77ba14391d" testName="Rezepte.Tests.Services.ShoppingListServiceTests.GetRecipeIngredientGroupsAsync_ShouldReturnMainRecipeAndSideDishes" computerName="DESKTOP-CM8OBSG" duration="00:00:00.2554628" startTime="2026-09-08T08:48:40.7665270+02:00" endTime="2026-09-08T08:48:41.0218152+02:00" testType="13cdc9d9-ddb5-4fa4-a97d-d965ccfc6d4b" outcome="Passed" testListId="8c84fa94-04c1-424b-9868-57a2d4851a1d" relativeResultsDirectory="4fedfde7-ab46-4ca6-bc7c-569fbcf37608" />
    <UnitTestResult executionId="c56f05ce-b816-485d-b4d3-dbf8d1aa68c3" testId="3538e4c7-822d-96b0-ff70-502f5b6853c2" testName="Rezepte.Tests.Services.CookbookServiceTests.UpdateAsync_ShouldUpdateOnlyUserCookbook" computerName="DESKTOP-CM8OBSG" duration="00:00:01.2150885" startTime="2026-09-08T08:48:39.2570315+02:00" endTime="2026-09-08T08:48:40.4717888+02:00" testType="13cdc9d9-ddb5-4fa4-a97d-d965ccfc6d4b" outcome="Passed" testListId="8c84fa94-04c1-424b-9868-57a2d4851a1d" relativeResultsDirectory="c56f05ce-b816-485d-b4d3-dbf8d1aa68c3" />
    <UnitTestResult executionId="b43d2cdf-2f5b-4bbe-9428-b26c30fa18b7" testId="062e1c58-173b-6177-267b-fa511dc15c15" testName="Rezepte.Tests.Services.LoadingBarServiceValidationTests.GetSettings_WithInvalidColorEntries_RemovesInvalidEntries" computerName="DESKTOP-CM8OBSG" duration="00:00:00.0002959" startTime="2026-09-08T08:48:40.0040331+02:00" endTime="2026-09-08T08:48:40.0042137+02:00" testType="13cdc9d9-ddb5-4fa4-a97d-d965ccfc6d4b" outcome="Passed" testListId="8c84fa94-04c1-424b-9868-57a2d4851a1d" relativeResultsDirectory="b43d2cdf-2f5b-4bbe-9428-b26c30fa18b7" />
    <UnitTestResult executionId="567dda24-2a7d-4520-b388-463266bff332" testId="bd720f1b-610d-d71f-0c41-bd4ea1f0a3ed" testName="Rezepte.Tests.Services.Validation.UsernameValidatorTests.Validate_ShouldRejectReservedUsernames(username: &quot;moderator&quot;)" computerName="DESKTOP-CM8OBSG" duration="00:00:00.0000035" startTime="2026-09-08T08:48:38.9203076+02:00" endTime="2026-09-08T08:48:38.9203397+02:00" testType="13cdc9d9-ddb5-4fa4-a97d-d965ccfc6d4b" outcome="Passed" testListId="8c84fa94-04c1-424b-9868-57a2d4851a1d" relativeResultsDirectory="567dda24-2a7d-4520-b388-463266bff332" />
    <UnitTestResult executionId="9a85f681-dba8-4a25-95ac-715eb85c3336" testId="c3517023-ac6c-f2db-3479-4990b4d02e15" testName="Rezepte.Tests.Services.Http.RemoteContentFetcherTests.FetchAsync_ShouldReturnSeekableContentAndFileNameFromUrl" computerName="DESKTOP-CM8OBSG" duration="00:00:00.0011697" startTime="2026-09-08T08:48:39.6484958+02:00" endTime="2026-09-08T08:48:39.6495206+02:00" testType="13cdc9d9-ddb5-4fa4-a97d-d965ccfc6d4b" outcome="Passed" testListId="8c84fa94-04c1-424b-9868-57a2d4851a1d" relativeResultsDirectory="9a85f681-dba8-4a25-95ac-715eb85c3336" />
    <UnitTestResult executionId="637100ba-8e76-48f5-a241-744ac8662dd0" testId="359f81d8-5dba-6864-76c8-334cd0cea3de" testName="Rezepte.Tests.Services.CurrentUserAccessorTests.User_ShouldBeNullInitially" computerName="DESKTOP-CM8OBSG" duration="00:00:00.0006941" startTime="2026-09-08T08:48:40.4551163+02:00" endTime="2026-09-08T08:48:40.4557276+02:00" testType="13cdc9d9-ddb5-4fa4-a97d-d965ccfc6d4b" outcome="Passed" testListId="8c84fa94-04c1-424b-9868-57a2d4851a1d" relativeResultsDirectory="637100ba-8e76-48f5-a241-744ac8662dd0" />
    <UnitTestResult executionId="53355163-0304-4522-9646-65d2a936fc17" testId="9474da0f-4a19-39e4-55c6-ed9ff23ae253" testName="Rezepte.Tests.Controllers.AdminExportCleanupControllerTests.UpdateSettings_ShouldRejectInvalidTime(value: null)" computerName="DESKTOP-CM8OBSG" duration="00:00:00.0047314" startTime="2026-09-08T08:48:39.9700384+02:00" endTime="2026-09-08T08:48:39.9748725+02:00" testType="13cdc9d9-ddb5-4fa4-a97d-d965ccfc6d4b" outcome="Passed" testListId="8c84fa94-04c1-424b-9868-57a2d4851a1d" relativeResultsDirectory="53355163-0304-4522-9646-65d2a936fc17" />
    <UnitTestResult executionId="593cdd27-b74f-429d-a38e-b23d93e712fc" testId="3469b80d-4c45-b4a2-a04c-e4566e423eb9" testName="Rezepte.Tests.Services.Validation.UsernameValidatorTests.Validate_ShouldRejectIpAddressesAndDomains(username: &quot;192.168.1.1&quot;)" computerName="DESKTOP-CM8OBSG" duration="00:00:00.0001112" startTime="2026-09-08T08:48:38.9255189+02:00" endTime="2026-09-08T08:48:38.9255469+02:00" testType="13cdc9d9-ddb5-4fa4-a97d-d965ccfc6d4b" outcome="Passed" testListId="8c84fa94-04c1-424b-9868-57a2d4851a1d" relativeResultsDirectory="593cdd27-b74f-429d-a38e-b23d93e712fc" />
    <UnitTestResult executionId="c25efed3-dcc1-4383-bfa8-d791e8659d1a" testId="f9e0084e-7c6c-0f58-9d1f-6c89b8461e8a" testName="Rezepte.Tests.Services.Import.ImportOrchestratorTests.SubmitSelection_ShouldAcceptOnlyOneConcurrentSelection" computerName="DESKTOP-CM8OBSG" duration="00:00:00.1910933" startTime="2026-09-08T08:48:40.8342686+02:00" endTime="2026-09-08T08:48:41.0263394+02:00" testType="13cdc9d9-ddb5-4fa4-a97d-d965ccfc6d4b" outcome="Passed" testListId="8c84fa94-04c1-424b-9868-57a2d4851a1d" relativeResultsDirectory="c25efed3-dcc1-4383-bfa8-d791e8659d1a" />
    <UnitTestResult executionId="65b5b1ee-7d85-47b4-ab7d-afc7950fc8f4" testId="6f0f9cf2-d4dd-0cb1-54d9-a50a8ae2f359" testName="Rezepte.Tests.ContractExport.ContractExportScriptTests.ExportFailsFastWhenRequiredPluginSdkPathIsMissing" computerName="DESKTOP-CM8OBSG" duration="00:00:01.1673556" startTime="2026-09-08T08:50:27.2854276+02:00" endTime="2026-09-08T08:50:28.4527964+02:00" testType="13cdc9d9-ddb5-4fa4-a97d-d965ccfc6d4b" outcome="Passed" testListId="8c84fa94-04c1-424b-9868-57a2d4851a1d" relativeResultsDirectory="65b5b1ee-7d85-47b4-ab7d-afc7950fc8f4" />
    <UnitTestResult executionId="a02dd91e-25fa-4844-87c7-c93568e04627" testId="bc69e684-6930-dde2-c602-53e109a524d6" testName="Rezepte.Tests.Services.ShoppingListServiceTests.AddRecipeIngredientGroupsAsync_ShouldMergeDuplicateRecipeSelections" computerName="DESKTOP-CM8OBSG" duration="00:00:00.0032034" startTime="2026-09-08T08:48:41.2710505+02:00" endTime="2026-09-08T08:48:41.2740358+02:00" testType="13cdc9d9-ddb5-4fa4-a97d-d965ccfc6d4b" outcome="Passed" testListId="8c84fa94-04c1-424b-9868-57a2d4851a1d" relativeResultsDirectory="a02dd91e-25fa-4844-87c7-c93568e04627" />
    <UnitTestResult executionId="112eec59-aaa6-4184-a9e4-3f5679b8bb71" testId="a130d315-5670-dce5-3ddc-8326676db227" testName="Rezepte.Tests.Security.RemoteUrlGuardTests.TryValidateAsync_AcceptsPublicHttpsAddress" computerName="DESKTOP-CM8OBSG" duration="00:00:00.0005695" startTime="2026-09-08T08:48:39.9511598+02:00" endTime="2026-09-08T08:48:39.9511914+02:00" testType="13cdc9d9-ddb5-4fa4-a97d-d965ccfc6d4b" outcome="Passed" testListId="8c84fa94-04c1-424b-9868-57a2d4851a1d" relativeResultsDirectory="112eec59-aaa6-4184-a9e4-3f5679b8bb71" />
    <UnitTestResult executionId="72cf3b42-2d1d-463f-85dc-f74e131385ce" testId="df086248-72ed-e419-f147-16a7ec783ab4" testName="Rezepte.Tests.Deployment.LoadingBarWiringTests.Configuration_LoadingBarSection_MatchesDocumentedDefaults" computerName="DESKTOP-CM8OBSG" duration="00:00:00.0027604" startTime="2026-09-08T08:48:41.3643140+02:00" endTime="2026-09-08T08:48:41.3661170+02:00" testType="13cdc9d9-ddb5-4fa4-a97d-d965ccfc6d4b" outcome="Passed" testListId="8c84fa94-04c1-424b-9868-57a2d4851a1d" relativeResultsDirectory="72cf3b42-2d1d-463f-85dc-f74e131385ce" />
    <UnitTestResult executionId="06314f9b-c954-4d99-9771-acf9372039f6" testId="35e1c71c-19e7-dcf2-34b7-a40dcd35b44e" testName="Rezepte.Tests.Security.RemoteUrlGuardTests.TryValidateAsync_RejectsInternalAddresses(url: &quot;http://[::1]/recipe&quot;)" computerName="DESKTOP-CM8OBSG" duration="00:00:00.0057405" startTime="2026-09-08T08:48:39.9434967+02:00" endTime="2026-09-08T08:48:39.9492833+02:00" testType="13cdc9d9-ddb5-4fa4-a97d-d965ccfc6d4b" outcome="Passed" testListId="8c84fa94-04c1-424b-9868-57a2d4851a1d" relativeResultsDirectory="06314f9b-c954-4d99-9771-acf9372039f6" />
    <UnitTestResult executionId="8101098e-738c-4409-8d17-185361ac2e6b" testId="7b5dce81-ed32-724c-8402-4bfd93b987bb" testName="Rezepte.Tests.Deployment.DeploymentDocumentationTests.ReadmeDeploymentSection_ShouldPointToRuntimeCheckedDeploymentOptions" computerName="DESKTOP-CM8OBSG" duration="00:00:00.0022490" startTime="2026-09-08T08:48:38.9343969+02:00" endTime="2026-09-08T08:48:38.9370106+02:00" testType="13cdc9d9-ddb5-4fa4-a97d-d965ccfc6d4b" outcome="Passed" testListId="8c84fa94-04c1-424b-9868-57a2d4851a1d" relativeResultsDirectory="8101098e-738c-4409-8d17-185361ac2e6b" />
    <UnitTestResult executionId="d5b9cc7e-5229-4ecc-bed0-0869716cc076" testId="f3e1a0ab-27a9-8506-3348-9463b7361673" testName="Rezepte.Tests.Services.Validation.UsernameValidatorTests.Validate_ShouldRejectInvalidCharacters(username: &quot;max#mustermann&quot;)" computerName="DESKTOP-CM8OBSG" duration="00:00:00.0000076" startTime="2026-09-08T08:48:38.9247123+02:00" endTime="2026-09-08T08:48:38.9247434+02:00" testType="13cdc9d9-ddb5-4fa4-a97d-d965ccfc6d4b" outcome="Passed" testListId="8c84fa94-04c1-424b-9868-57a2d4851a1d" relativeResultsDirectory="d5b9cc7e-5229-4ecc-bed0-0869716cc076" />
    <UnitTestResult executionId="87105bf5-d628-4fe9-bfba-79c473815962" testId="fbc6a284-9595-f047-58e6-ee1568356159" testName="Rezepte.Tests.ContractExport.ContractExportScriptTests.ExportedWorkspaceBuildsOutsideRepository" computerName="DESKTOP-CM8OBSG" duration="00:00:26.2905352" startTime="2026-09-08T08:49:31.3765591+02:00" endTime="2026-09-08T08:49:57.6662157+02:00" testType="13cdc9d9-ddb5-4fa4-a97d-d965ccfc6d4b" outcome="Passed" testListId="8c84fa94-04c1-424b-9868-57a2d4851a1d" relativeResultsDirectory="87105bf5-d628-4fe9-bfba-79c473815962" />
    <UnitTestResult executionId="7d577e5b-6b21-476b-aa83-b1f7ade25cba" testId="66099918-2ad1-df20-65fd-362caf4d2596" testName="Rezepte.Tests.Controllers.SettingsControllerSecurityTxtValidationTests.SetGlobalSecurityTxt_PreservesCanonicalFromRequest" computerName="DESKTOP-CM8OBSG" duration="00:00:00.0079569" startTime="2026-09-08T08:48:39.2527916+02:00" endTime="2026-09-08T08:48:39.2601357+02:00" testType="13cdc9d9-ddb5-4fa4-a97d-d965ccfc6d4b" outcome="Passed" testListId="8c84fa94-04c1-424b-9868-57a2d4851a1d" relativeResultsDirectory="7d577e5b-6b21-476b-aa83-b1f7ade25cba" />
    <UnitTestResult executionId="301e83b1-6711-4bba-9f51-b3ad3d2f49a1" testId="726fb412-32bb-dc43-1cc8-831740691dcd" testName="Rezepte.Tests.ViewModels.UserProfileViewModelTests.ChangePasswordAsync_ShouldClearFieldsOnSuccess" computerName="DESKTOP-CM8OBSG" duration="00:00:01.3883551" startTime="2026-09-08T08:48:37.7707359+02:00" endTime="2026-09-08T08:48:39.1308779+02:00" testType="13cdc9d9-ddb5-4fa4-a97d-d965ccfc6d4b" outcome="Passed" testListId="8c84fa94-04c1-424b-9868-57a2d4851a1d" relativeResultsDirectory="301e83b1-6711-4bba-9f51-b3ad3d2f49a1" />
    <UnitTestResult executionId="b831d022-bf62-4b3b-8530-d8afa7ab24ec" testId="2a7a68c6-461f-1741-feb3-7a0e3abf3c4d" testName="Rezepte.Tests.Security.JwtSigningKeyProviderTests.Constructor_UsesConfiguredSecretIssuerAndAudience" computerName="DESKTOP-CM8OBSG" duration="00:00:00.0035355" startTime="2026-09-08T08:48:38.5753653+02:00" endTime="2026-09-08T08:48:38.5754336+02:00" testType="13cdc9d9-ddb5-4fa4-a97d-d965ccfc6d4b" outcome="Passed" testListId="8c84fa94-04c1-424b-9868-57a2d4851a1d" relativeResultsDirectory="b831d022-bf62-4b3b-8530-d8afa7ab24ec" />
    <UnitTestResult executionId="1fed0497-f761-47dc-939e-4a46ce907f00" testId="34a36fbe-ef69-b01d-4656-5a789107b7fc" testName="Rezepte.Tests.Services.Import.SdkImportParserBaseTests.ParseIsoDurationToMinutes_ShouldThrowForInvalidDuration(value: &quot;PT30M1H&quot;)" computerName="DESKTOP-CM8OBSG" duration="00:00:00.0001321" startTime="2026-09-08T08:48:38.5750056+02:00" endTime="2026-09-08T08:48:38.5751556+02:00" testType="13cdc9d9-ddb5-4fa4-a97d-d965ccfc6d4b" outcome="Passed" testListId="8c84fa94-04c1-424b-9868-57a2d4851a1d" relativeResultsDirectory="1fed0497-f761-47dc-939e-4a46ce907f00" />
    <UnitTestResult executionId="a9a06b38-0dbb-4c03-b61d-52231844df36" testId="31b755f8-3f4b-09f4-7e2a-df5187220a19" testName="Rezepte.Tests.Components.Shared.CollectionImportSelectionStateTests.CanSubmit_ShouldRequireSessionSelectionAndTargetCookbooks" computerName="DESKTOP-CM8OBSG" duration="00:00:00.0016360" startTime="2026-09-08T08:48:39.3215729+02:00" endTime="2026-09-08T08:48:39.3220760+02:00" testType="13cdc9d9-ddb5-4fa4-a97d-d965ccfc6d4b" outcome="Passed" testListId="8c84fa94-04c1-424b-9868-57a2d4851a1d" relativeResultsDirectory="a9a06b38-0dbb-4c03-b61d-52231844df36" />
    <UnitTestResult executionId="afbb6e34-0279-4100-993b-cde94f605402" testId="14cd7ee7-3ad6-2b8c-5d1c-b98a2f5048f2" testName="Rezepte.Tests.ContractExport.ContractExportScriptTests.ExportUsesLatestStoredApiCompatBaselineBelowCurrentVersion" computerName="DESKTOP-CM8OBSG" duration="00:00:13.9106999" startTime="2026-09-08T08:48:55.2602917+02:00" endTime="2026-09-08T08:49:09.1686458+02:00" testType="13cdc9d9-ddb5-4fa4-a97d-d965ccfc6d4b" outcome="Passed" testListId="8c84fa94-04c1-424b-9868-57a2d4851a1d" relativeResultsDirectory="afbb6e34-0279-4100-993b-cde94f605402" />
    <UnitTestResult executionId="46873a9d-36de-468d-b05a-27f60ede5be2" testId="03c7fcad-b4e8-51b3-f20c-6a33343c0ae7" testName="Rezepte.Tests.Security.PasswordHasherTests.Verify_ShouldReturnFailed_WhenHashStringMalformed(hashString: &quot;abc.def&quot;)" computerName="DESKTOP-CM8OBSG" duration="00:00:00.0001412" startTime="2026-09-08T08:48:39.8955976+02:00" endTime="2026-09-08T08:48:39.8956375+02:00" testType="13cdc9d9-ddb5-4fa4-a97d-d965ccfc6d4b" outcome="Passed" testListId="8c84fa94-04c1-424b-9868-57a2d4851a1d" relativeResultsDirectory="46873a9d-36de-468d-b05a-27f60ede5be2" />
    <UnitTestResult executionId="1a7e640c-8a2e-4ad6-a64a-a6914315141f" testId="0b5a34a0-6a4d-f652-40f2-a4261a7bdd21" testName="Rezepte.Tests.Services.Import.PluginManagerTests.InitializeAsync_ShouldIgnoreAdjacentContractAssemblyWithoutPlugin" computerName="DESKTOP-CM8OBSG" duration="00:00:00.3283677" startTime="2026-09-08T08:48:41.0268475+02:00" endTime="2026-09-08T08:48:41.3553475+02:00" testType="13cdc9d9-ddb5-4fa4-a97d-d965ccfc6d4b" outcome="Passed" testListId="8c84fa94-04c1-424b-9868-57a2d4851a1d" relativeResultsDirectory="1a7e640c-8a2e-4ad6-a64a-a6914315141f" />
    <UnitTestResult executionId="37f8c63c-0c2d-415e-8fce-adc13d485a2d" testId="b1fadcd3-60c3-d1b6-e294-671d8408a18d" testName="Rezepte.Tests.Services.Import.ImportOrchestratorTests.SubmitSelection_ShouldStillWorkAfterSelectionWasLeftOpen" computerName="DESKTOP-CM8OBSG" duration="00:00:00.3302316" startTime="2026-09-08T08:48:39.8313335+02:00" endTime="2026-09-08T08:48:40.1624871+02:00" testType="13cdc9d9-ddb5-4fa4-a97d-d965ccfc6d4b" outcome="Passed" testListId="8c84fa94-04c1-424b-9868-57a2d4851a1d" relativeResultsDirectory="37f8c63c-0c2d-415e-8fce-adc13d485a2d" />
    <UnitTestResult executionId="1324867c-d78c-42a4-9e83-d9d4ec183ad0" testId="4833cca6-3122-b0f7-9904-51479f4ccb1f" testName="Rezepte.Tests.Services.UserServiceTests.LoginAsync_ShouldRehashPassword_WhenStoredHashOutdated" computerName="DESKTOP-CM8OBSG" duration="00:00:00.1213499" startTime="2026-09-08T08:48:41.2362467+02:00" endTime="2026-09-08T08:48:41.3591845+02:00" testType="13cdc9d9-ddb5-4fa4-a97d-d965ccfc6d4b" outcome="Passed" testListId="8c84fa94-04c1-424b-9868-57a2d4851a1d" relativeResultsDirectory="1324867c-d78c-42a4-9e83-d9d4ec183ad0" />
    <UnitTestResult executionId="9492e9a9-676f-4017-b403-164f541d77eb" testId="62bde0ef-0d76-43f8-2363-5bbe0309e59e" testName="Rezepte.Tests.Controllers.AdminExportCleanupControllerTests.GetSettings_ShouldReturnFormattedTime" computerName="DESKTOP-CM8OBSG" duration="00:00:00.0028980" startTime="2026-09-08T08:48:39.9838901+02:00" endTime="2026-09-08T08:48:39.9868732+02:00" testType="13cdc9d9-ddb5-4fa4-a97d-d965ccfc6d4b" outcome="Passed" testListId="8c84fa94-04c1-424b-9868-57a2d4851a1d" relativeResultsDirectory="9492e9a9-676f-4017-b403-164f541d77eb" />
    <UnitTestResult executionId="fbb02ca5-de99-444b-ad94-24f1b18a7e3c" testId="83e793fc-5b60-1f73-e586-0c0079ad773b" testName="Rezepte.Tests.Services.UserServiceTests.LoginAsync_ShouldReturnUser_WhenPasswordValid" computerName="DESKTOP-CM8OBSG" duration="00:00:00.1105071" startTime="2026-09-08T08:48:40.4989084+02:00" endTime="2026-09-08T08:48:40.6103691+02:00" testType="13cdc9d9-ddb5-4fa4-a97d-d965ccfc6d4b" outcome="Passed" testListId="8c84fa94-04c1-424b-9868-57a2d4851a1d" relativeResultsDirectory="fbb02ca5-de99-444b-ad94-24f1b18a7e3c" />
    <UnitTestResult executionId="7b7d40aa-baaa-434e-9cb5-ec8ca513d2fc" testId="ab34995f-74ac-62a9-231a-dc4ebb95d584" testName="Rezepte.Tests.Controllers.SettingsControllerSecurityTxtValidationTests.SetGlobalSecurityTxt_ReturnsNoContent_WhenEnabledAndAllRequiredFieldsValid" computerName="DESKTOP-CM8OBSG" duration="00:00:00.0009379" startTime="2026-09-08T08:48:39.2615654+02:00" endTime="2026-09-08T08:48:39.2627111+02:00" testType="13cdc9d9-ddb5-4fa4-a97d-d965ccfc6d4b" outcome="Passed" testListId="8c84fa94-04c1-424b-9868-57a2d4851a1d" relativeResultsDirectory="7b7d40aa-baaa-434e-9cb5-ec8ca513d2fc" />
    <UnitTestResult executionId="bbced62d-7602-4f07-94ab-eafdf74d087e" testId="52bf1ee5-c247-0ef7-30db-41e1fb7d22b4" testName="Rezepte.Tests.Services.Import.GitHubReleaseClientTests.DownloadAssetAsync_ShouldThrowDedicatedRateLimitExceptionForRateLimitedForbidden" computerName="DESKTOP-CM8OBSG" duration="00:00:00.8326861" startTime="2026-09-08T08:48:37.7715955+02:00" endTime="2026-09-08T08:48:38.5759350+02:00" testType="13cdc9d9-ddb5-4fa4-a97d-d965ccfc6d4b" outcome="Passed" testListId="8c84fa94-04c1-424b-9868-57a2d4851a1d" relativeResultsDirectory="bbced62d-7602-4f07-94ab-eafdf74d087e" />
    <UnitTestResult executionId="93595512-1f99-4263-8e07-e1086d5d181d" testId="5a39b1db-3558-1b69-ca61-8f5d49bef53c" testName="Rezepte.Tests.Services.Import.SdkImportParserBaseTests.ParseIngredientLine_ShouldParseQuantityUnitAndName(line: &quot;Salz 2 Prisen&quot;, amount: 2, unit: null, name: &quot;Salz Prisen&quot;)" computerName="DESKTOP-CM8OBSG" duration="00:00:00.5962326" startTime="2026-09-08T08:48:37.7717113+02:00" endTime="2026-09-08T08:48:38.3516927+02:00" testType="13cdc9d9-ddb5-4fa4-a97d-d965ccfc6d4b" outcome="Passed" testListId="8c84fa94-04c1-424b-9868-57a2d4851a1d" relativeResultsDirectory="93595512-1f99-4263-8e07-e1086d5d181d" />
    <UnitTestResult executionId="0eadb98e-a578-4d21-920e-5f1bfc0b2106" testId="e41d6979-513c-c5bd-3fc8-e4f8c4e795fd" testName="Rezepte.Tests.Services.Validation.UsernameValidatorTests.Validate_ShouldRejectReservedUsernames(username: &quot;you&quot;)" computerName="DESKTOP-CM8OBSG" duration="00:00:00.0000083" startTime="2026-09-08T08:48:38.9173456+02:00" endTime="2026-09-08T08:48:38.9173786+02:00" testType="13cdc9d9-ddb5-4fa4-a97d-d965ccfc6d4b" outcome="Passed" testListId="8c84fa94-04c1-424b-9868-57a2d4851a1d" relativeResultsDirectory="0eadb98e-a578-4d21-920e-5f1bfc0b2106" />
    <UnitTestResult executionId="4e6ba3f3-b13b-4fa3-8a51-c02fcd99e33b" testId="422383f1-4600-e41e-d537-12e49dfd9396" testName="Rezepte.Tests.ContractExport.ContractExportScriptTests.ExportIsReproducibleForSameSourcesAndCommit" computerName="DESKTOP-CM8OBSG" duration="00:00:21.2929437" startTime="2026-09-08T08:49:10.0833480+02:00" endTime="2026-09-08T08:49:31.3755089+02:00" testType="13cdc9d9-ddb5-4fa4-a97d-d965ccfc6d4b" outcome="Passed" testListId="8c84fa94-04c1-424b-9868-57a2d4851a1d" relativeResultsDirectory="4e6ba3f3-b13b-4fa3-8a51-c02fcd99e33b" />
    <UnitTestResult executionId="98c933b4-4802-4b04-816a-447dc46291c0" testId="66814ffe-c61f-ef94-2200-36112d8e2c87" testName="Rezepte.Tests.Services.SettingsServiceTests.SetUserShoppingListEditModeAsync_ShouldPersistValue_PerUser" computerName="DESKTOP-CM8OBSG" duration="00:00:00.0442072" startTime="2026-09-08T08:48:40.4134627+02:00" endTime="2026-09-08T08:48:40.4569025+02:00" testType="13cdc9d9-ddb5-4fa4-a97d-d965ccfc6d4b" outcome="Passed" testListId="8c84fa94-04c1-424b-9868-57a2d4851a1d" relativeResultsDirectory="98c933b4-4802-4b04-816a-447dc46291c0" />
    <UnitTestResult executionId="2286f175-7a72-43e3-a192-f5df275bd6df" testId="2a2ad6bf-e565-06f1-29b2-d762ae9c3c23" testName="Rezepte.Tests.Services.ShoppingListServiceTests.GetGroupsAsync_ShouldCreateDefaultGroup_WhenListIsEmpty" computerName="DESKTOP-CM8OBSG" duration="00:00:00.0019082" startTime="2026-09-08T08:48:41.2394882+02:00" endTime="2026-09-08T08:48:41.2413199+02:00" testType="13cdc9d9-ddb5-4fa4-a97d-d965ccfc6d4b" outcome="Passed" testListId="8c84fa94-04c1-424b-9868-57a2d4851a1d" relativeResultsDirectory="2286f175-7a72-43e3-a192-f5df275bd6df" />
    <UnitTestResult executionId="2429d23e-630a-4e5f-8423-237bb56d4d30" testId="22b2825d-e52e-8e73-d216-ddefb2b0ac63" testName="Rezepte.Tests.Services.LoadingBarServiceValidationTests.GetSettings_WithZeroHeight_FallsBackToDefaultHeight" computerName="DESKTOP-CM8OBSG" duration="00:00:00.0001953" startTime="2026-09-08T08:48:40.0014869+02:00" endTime="2026-09-08T08:48:40.0016045+02:00" testType="13cdc9d9-ddb5-4fa4-a97d-d965ccfc6d4b" outcome="Passed" testListId="8c84fa94-04c1-424b-9868-57a2d4851a1d" relativeResultsDirectory="2429d23e-630a-4e5f-8423-237bb56d4d30" />
    <UnitTestResult executionId="25310e7d-fd6e-49c3-beaa-5b8434f971a1" testId="03549a40-21c5-5976-bbf6-21d93003ee01" testName="Rezepte.Tests.Services.Import.UrlHelpersTests.NormalizeHttpUrl_ShouldLowercaseSchemeAndHostAndDropDefaultPorts(value: &quot;https://example.com:443/path&quot;, expected: &quot;https://example.com/path&quot;)" computerName="DESKTOP-CM8OBSG" duration="00:00:00.0003859" startTime="2026-09-08T08:48:39.8357573+02:00" endTime="2026-09-08T08:48:39.8360220+02:00" testType="13cdc9d9-ddb5-4fa4-a97d-d965ccfc6d4b" outcome="Passed" testListId="8c84fa94-04c1-424b-9868-57a2d4851a1d" relativeResultsDirectory="25310e7d-fd6e-49c3-beaa-5b8434f971a1" />
    <UnitTestResult executionId="d80c3ff6-27bc-4d37-bcc5-07507aacaa97" testId="7a5602a2-a035-7e4c-9da9-dc541a50f38f" testName="Rezepte.Tests.Services.Import.WebImportParserBaseTests.ParseIsoDurationToMinutes_ShouldConvertDuration(value: &quot;PT45S&quot;, expected: 1)" computerName="DESKTOP-CM8OBSG" duration="00:00:00.0002390" startTime="2026-09-08T08:48:39.2784172+02:00" endTime="2026-09-08T08:48:39.2784635+02:00" testType="13cdc9d9-ddb5-4fa4-a97d-d965ccfc6d4b" outcome="Passed" testListId="8c84fa94-04c1-424b-9868-57a2d4851a1d" relativeResultsDirectory="d80c3ff6-27bc-4d37-bcc5-07507aacaa97" />
    <UnitTestResult executionId="3ede6bdf-8443-4e95-8d6f-b2170e6de4f1" testId="9114ff3a-b10f-8f89-cba1-a7f8f60f99a2" testName="Rezepte.Tests.Services.ExportServiceRestoreTests.RestoreFromZipAsync_ShouldThrow_WhenRecipesJsonMissing" computerName="DESKTOP-CM8OBSG" duration="00:00:00.0343809" startTime="2026-09-08T08:48:41.6458830+02:00" endTime="2026-09-08T08:48:41.6800771+02:00" testType="13cdc9d9-ddb5-4fa4-a97d-d965ccfc6d4b" outcome="Passed" testListId="8c84fa94-04c1-424b-9868-57a2d4851a1d" relativeResultsDirectory="3ede6bdf-8443-4e95-8d6f-b2170e6de4f1" />
    <UnitTestResult executionId="79f68ee9-6015-4dc6-9e0e-01be1088ccc1" testId="32a9983e-1395-77d5-66c8-5243e1a914ca" testName="Rezepte.Tests.Services.SettingsServiceTests.SetGlobalGoogleVisionEnabledAsync_ShouldUpdateExistingValue" computerName="DESKTOP-CM8OBSG" duration="00:00:00.0038355" startTime="2026-09-08T08:48:40.5523304+02:00" endTime="2026-09-08T08:48:40.5525551+02:00" testType="13cdc9d9-ddb5-4fa4-a97d-d965ccfc6d4b" outcome="Passed" testListId="8c84fa94-04c1-424b-9868-57a2d4851a1d" relativeResultsDirectory="79f68ee9-6015-4dc6-9e0e-01be1088ccc1" />
    <UnitTestResult executionId="6a51fecd-a7df-4e03-beae-fd5b60e746bd" testId="2ee9f078-f40b-2b64-58a3-5fa9f14ebed8" testName="Rezepte.Tests.Services.Import.WebImportParserBaseTests.ParseIngredientLine_ShouldParseQuantityUnitAndName(line: &quot;3/4 l Milch&quot;, amount: 0,75, unit: &quot;l&quot;, name: &quot;Milch&quot;)" computerName="DESKTOP-CM8OBSG" duration="00:00:00.0000122" startTime="2026-09-08T08:48:39.2759248+02:00" endTime="2026-09-08T08:48:39.2759564+02:00" testType="13cdc9d9-ddb5-4fa4-a97d-d965ccfc6d4b" outcome="Passed" testListId="8c84fa94-04c1-424b-9868-57a2d4851a1d" relativeResultsDirectory="6a51fecd-a7df-4e03-beae-fd5b60e746bd" />
    <UnitTestResult executionId="6b3b4fea-2db8-443a-bc09-e3614f75685b" testId="10d4a0de-e36a-b7fe-0901-def781ed15a2" testName="Rezepte.Tests.Services.Import.SdkImportParserBaseTests.ParseIsoDurationToMinutes_ShouldConvertDuration(value: null, expected: 0)" computerName="DESKTOP-CM8OBSG" duration="00:00:00.0000032" startTime="2026-09-08T08:48:38.3739828+02:00" endTime="2026-09-08T08:48:38.3740245+02:00" testType="13cdc9d9-ddb5-4fa4-a97d-d965ccfc6d4b" outcome="Passed" testListId="8c84fa94-04c1-424b-9868-57a2d4851a1d" relativeResultsDirectory="6b3b4fea-2db8-443a-bc09-e3614f75685b" />
    <UnitTestResult executionId="b1abdddb-cad0-420d-a1e4-67cea69c04c6" testId="d844aa69-4ace-1f81-e8d6-47fdee04c3ff" testName="Rezepte.Tests.Security.PasswordHasherTests.Verify_ShouldReturnFailed_WhenIterationsAboveMax" computerName="DESKTOP-CM8OBSG" duration="00:00:00.0002396" startTime="2026-09-08T08:48:40.0767340+02:00" endTime="2026-09-08T08:48:40.0767925+02:00" testType="13cdc9d9-ddb5-4fa4-a97d-d965ccfc6d4b" outcome="Passed" testListId="8c84fa94-04c1-424b-9868-57a2d4851a1d" relativeResultsDirectory="b1abdddb-cad0-420d-a1e4-67cea69c04c6" />
    <UnitTestResult executionId="27b2e0b7-3af2-49bc-b5bd-dc3c4bb05a29" testId="61b0a374-40ab-8a1a-541b-fbbf48233bf8" testName="Rezepte.Tests.Services.Import.SdkImportParserBaseTests.ParseIsoDurationToMinutes_ShouldConvertDuration(value: &quot;PT29S&quot;, expected: 0)" computerName="DESKTOP-CM8OBSG" duration="00:00:00.0000093" startTime="2026-09-08T08:48:38.3738354+02:00" endTime="2026-09-08T08:48:38.3739048+02:00" testType="13cdc9d9-ddb5-4fa4-a97d-d965ccfc6d4b" outcome="Passed" testListId="8c84fa94-04c1-424b-9868-57a2d4851a1d" relativeResultsDirectory="27b2e0b7-3af2-49bc-b5bd-dc3c4bb05a29" />
    <UnitTestResult executionId="af205ce2-2a4e-4936-bbbe-9d1718b9fa75" testId="0ed8b8ce-c64d-07d4-2a6e-e9f78fcaa723" testName="Rezepte.Tests.Services.GoogleCredentialsProviderTests.GetServiceAccountFilePath_ReturnsEmpty_WhenOptionsValueIsWhitespace" computerName="DESKTOP-CM8OBSG" duration="00:00:00.0002267" startTime="2026-09-08T08:48:40.2276856+02:00" endTime="2026-09-08T08:48:40.2278257+02:00" testType="13cdc9d9-ddb5-4fa4-a97d-d965ccfc6d4b" outcome="Passed" testListId="8c84fa94-04c1-424b-9868-57a2d4851a1d" relativeResultsDirectory="af205ce2-2a4e-4936-bbbe-9d1718b9fa75" />
    <UnitTestResult executionId="371d615c-e6a5-49c7-8bc7-d738a448835d" testId="18febbfe-a354-bbfb-8d1b-22f812de8e84" testName="Rezepte.Tests.Controllers.SecurityTxtControllerTests.GetSecurityTxt_ReturnsNotFound_WhenDisabled" computerName="DESKTOP-CM8OBSG" duration="00:00:00.0006690" startTime="2026-09-08T08:48:39.9636683+02:00" endTime="2026-09-08T08:48:39.9637888+02:00" testType="13cdc9d9-ddb5-4fa4-a97d-d965ccfc6d4b" outcome="Passed" testListId="8c84fa94-04c1-424b-9868-57a2d4851a1d" relativeResultsDirectory="371d615c-e6a5-49c7-8bc7-d738a448835d" />
    <UnitTestResult executionId="16e5bf11-164a-4ae5-89f7-08f223234e10" testId="e0b48a31-3432-0603-a33b-eae35e379b8e" testName="Rezepte.Tests.Services.LoadingBarServiceValidationTests.GetSettings_WithMaxVisibleDurationBelowHideDelay_FallsBackToDefault" computerName="DESKTOP-CM8OBSG" duration="00:00:00.0001028" startTime="2026-09-08T08:48:40.0050395+02:00" endTime="2026-09-08T08:48:40.0050778+02:00" testType="13cdc9d9-ddb5-4fa4-a97d-d965ccfc6d4b" outcome="Passed" testListId="8c84fa94-04c1-424b-9868-57a2d4851a1d" relativeResultsDirectory="16e5bf11-164a-4ae5-89f7-08f223234e10" />
    <UnitTestResult executionId="feb0b445-0e31-496e-9043-60182a668600" testId="5ffd41b5-4185-d1d2-f18c-36fbd98abe1f" testName="Rezepte.Tests.Services.Import.UrlHelpersTests.NormalizeHttpUrl_ShouldLowercaseSchemeAndHostAndDropDefaultPorts(value: &quot;https://example.com/path?b=2&amp;a=1&quot;, expected: &quot;https://example.com/path?b=2&amp;a=1&quot;)" computerName="DESKTOP-CM8OBSG" duration="00:00:00.0012493" startTime="2026-09-08T08:48:39.8356566+02:00" endTime="2026-09-08T08:48:39.8356892+02:00" testType="13cdc9d9-ddb5-4fa4-a97d-d965ccfc6d4b" outcome="Passed" testListId="8c84fa94-04c1-424b-9868-57a2d4851a1d" relativeResultsDirectory="feb0b445-0e31-496e-9043-60182a668600" />
    <UnitTestResult executionId="ee1b7526-5676-4cb0-a409-dd44f72f416f" testId="e16fbd07-5154-4247-5479-2fc2f349e969" testName="Rezepte.Tests.Controllers.AdminExportCleanupControllerTests.UpdateSettings_ShouldRejectInvalidTime(value: &quot;25:00&quot;)" computerName="DESKTOP-CM8OBSG" duration="00:00:00.0002815" startTime="2026-09-08T08:48:39.9761666+02:00" endTime="2026-09-08T08:48:39.9762068+02:00" testType="13cdc9d9-ddb5-4fa4-a97d-d965ccfc6d4b" outcome="Passed" testListId="8c84fa94-04c1-424b-9868-57a2d4851a1d" relativeResultsDirectory="ee1b7526-5676-4cb0-a409-dd44f72f416f" />
    <UnitTestResult executionId="967f2ef7-eb6b-468f-ba3a-50ba69286472" testId="1c2b76ca-70ef-c051-9f19-3ca9f2023dc3" testName="Rezepte.Tests.Services.Import.SdkImportParserBaseTests.ParseIsoDurationToMinutes_ShouldThrowForInvalidDuration(value: &quot;P1DT1H&quot;)" computerName="DESKTOP-CM8OBSG" duration="00:00:00.0005138" startTime="2026-09-08T08:48:38.5700442+02:00" endTime="2026-09-08T08:48:38.5706233+02:00" testType="13cdc9d9-ddb5-4fa4-a97d-d965ccfc6d4b" outcome="Passed" testListId="8c84fa94-04c1-424b-9868-57a2d4851a1d" relativeResultsDirectory="967f2ef7-eb6b-468f-ba3a-50ba69286472" />
    <UnitTestResult executionId="aee78c70-0f18-43c4-a2f4-a26f2417391b" testId="c9625065-db67-11ea-94e5-7c28536bc12d" testName="Rezepte.Tests.Services.LoadingBarServiceValidationTests.GetSettings_WithZeroAnimationDuration_FallsBackToDefaultDuration" computerName="DESKTOP-CM8OBSG" duration="00:00:00.0001368" startTime="2026-09-08T08:48:40.0031535+02:00" endTime="2026-09-08T08:48:40.0031957+02:00" testType="13cdc9d9-ddb5-4fa4-a97d-d965ccfc6d4b" outcome="Passed" testListId="8c84fa94-04c1-424b-9868-57a2d4851a1d" relativeResultsDirectory="aee78c70-0f18-43c4-a2f4-a26f2417391b" />
    <UnitTestResult executionId="614c9882-3cd0-4cee-8176-420bc110125a" testId="8b9011b9-1128-2660-4fbf-7910e78b7a91" testName="Rezepte.Tests.Services.CurrentUserAccessorTests.WaitForUserAsync_ShouldReturnUserForAlreadyCancelledTokenWhenUserIsSet" computerName="DESKTOP-CM8OBSG" duration="00:00:00.0010437" startTime="2026-09-08T08:48:40.4590923+02:00" endTime="2026-09-08T08:48:40.4600404+02:00" testType="13cdc9d9-ddb5-4fa4-a97d-d965ccfc6d4b" outcome="Passed" testListId="8c84fa94-04c1-424b-9868-57a2d4851a1d" relativeResultsDirectory="614c9882-3cd0-4cee-8176-420bc110125a" />
    <UnitTestResult executionId="cd77519f-0fb7-4329-b0d2-3bfc7f2951e2" testId="6d34afeb-fd37-37cd-c979-466c8ad48f50" testName="Rezepte.Tests.Security.RemoteUrlGuardTests.TryValidateAsync_RejectsInternalAddresses(url: &quot;http://localhost/recipe&quot;)" computerName="DESKTOP-CM8OBSG" duration="00:00:00.1032208" startTime="2026-09-08T08:48:39.8383139+02:00" endTime="2026-09-08T08:48:39.9420964+02:00" testType="13cdc9d9-ddb5-4fa4-a97d-d965ccfc6d4b" outcome="Passed" testListId="8c84fa94-04c1-424b-9868-57a2d4851a1d" relativeResultsDirectory="cd77519f-0fb7-4329-b0d2-3bfc7f2951e2" />
    <UnitTestResult executionId="91e91d3b-9a4f-4804-84cb-7c9021e7dbb8" testId="3dbef94b-7e21-9d72-0de3-bd0db33f5787" testName="Rezepte.Tests.Services.Import.SdkImportParserBaseTests.ParseIngredientLine_ShouldParseQuantityUnitAndName(line: &quot;500 g&quot;, amount: 500, unit: &quot;g&quot;, name: &quot;500 g&quot;)" computerName="DESKTOP-CM8OBSG" duration="00:00:00.0000099" startTime="2026-09-08T08:48:38.3704429+02:00" endTime="2026-09-08T08:48:38.3704754+02:00" testType="13cdc9d9-ddb5-4fa4-a97d-d965ccfc6d4b" outcome="Passed" testListId="8c84fa94-04c1-424b-9868-57a2d4851a1d" relativeResultsDirectory="91e91d3b-9a4f-4804-84cb-7c9021e7dbb8" />
    <UnitTestResult executionId="0e927f51-4a4f-4f82-b967-5aa2e28c0bee" testId="b92f2e9e-c9c9-b382-4033-f432b3971797" testName="Rezepte.Tests.Services.Import.PluginManagerTests.InitializeAsync_ShouldUseDefaultPriorityForInitialOrder" computerName="DESKTOP-CM8OBSG" duration="00:00:00.1681485" startTime="2026-09-08T08:48:42.2124540+02:00" endTime="2026-09-08T08:48:42.3805287+02:00" testType="13cdc9d9-ddb5-4fa4-a97d-d965ccfc6d4b" outcome="Passed" testListId="8c84fa94-04c1-424b-9868-57a2d4851a1d" relativeResultsDirectory="0e927f51-4a4f-4f82-b967-5aa2e28c0bee" />
    <UnitTestResult executionId="51c66530-0bd2-4355-8423-8f9f97cdc365" testId="b1271abc-a9a0-a88c-ce88-fe93a73c9742" testName="Rezepte.Tests.Services.Import.PluginManagerTests.GetActiveHandlersAsync_ShouldNotInstantiateDisabledPlugins" computerName="DESKTOP-CM8OBSG" duration="00:00:00.1495406" startTime="2026-09-08T08:48:41.4314079+02:00" endTime="2026-09-08T08:48:41.5807688+02:00" testType="13cdc9d9-ddb5-4fa4-a97d-d965ccfc6d4b" outcome="Passed" testListId="8c84fa94-04c1-424b-9868-57a2d4851a1d" relativeResultsDirectory="51c66530-0bd2-4355-8423-8f9f97cdc365" />
    <UnitTestResult executionId="ad310cc5-4c66-4658-b28a-62ce9f9d6b0b" testId="39a4454a-aba4-cb7a-83b2-ea4bfe075397" testName="Rezepte.Tests.Components.Shared.CollectionImportSelectionStateTests.ClearSelectionAndSelectAll_ShouldPreserveDisabledItems" computerName="DESKTOP-CM8OBSG" duration="00:00:00.3213148" startTime="2026-09-08T08:48:39.3222057+02:00" endTime="2026-09-08T08:48:39.6434315+02:00" testType="13cdc9d9-ddb5-4fa4-a97d-d965ccfc6d4b" outcome="Passed" testListId="8c84fa94-04c1-424b-9868-57a2d4851a1d" relativeResultsDirectory="ad310cc5-4c66-4658-b28a-62ce9f9d6b0b" />
    <UnitTestResult executionId="5da373d1-5b42-4e14-83e6-0289157fcc8b" testId="ee980013-de74-7848-ac00-0029626a1a33" testName="Rezepte.Tests.Services.Validation.UsernameValidatorTests.Validate_ShouldRejectReservedUsernames(username: &quot;signup&quot;)" computerName="DESKTOP-CM8OBSG" duration="00:00:00.0000074" startTime="2026-09-08T08:48:38.9198628+02:00" endTime="2026-09-08T08:48:38.9198967+02:00" testType="13cdc9d9-ddb5-4fa4-a97d-d965ccfc6d4b" outcome="Passed" testListId="8c84fa94-04c1-424b-9868-57a2d4851a1d" relativeResultsDirectory="5da373d1-5b42-4e14-83e6-0289157fcc8b" />
    <UnitTestResult executionId="436a3a3b-ad17-43ae-a592-7e3e3eb81660" testId="281c1f74-de6b-beef-ba46-4bd4bc6f1f26" testName="Rezepte.Tests.ViewModels.UserProfileViewModelTests.ChangePasswordAsync_ShouldHandleTransportFailures" computerName="DESKTOP-CM8OBSG" duration="00:00:00.0010985" startTime="2026-09-08T08:48:39.7295500+02:00" endTime="2026-09-08T08:48:39.7304263+02:00" testType="13cdc9d9-ddb5-4fa4-a97d-d965ccfc6d4b" outcome="Passed" testListId="8c84fa94-04c1-424b-9868-57a2d4851a1d" relativeResultsDirectory="436a3a3b-ad17-43ae-a592-7e3e3eb81660" />
    <UnitTestResult executionId="435004de-6dc6-45c6-b825-bcdf74dfaad8" testId="081e3340-8b8d-f22c-3426-a67f4f82c9e9" testName="Rezepte.Tests.Services.ShoppingListServiceTests.AddRecipeIngredientGroupsAsync_ShouldRejectUnlinkedRecipeIngredient" computerName="DESKTOP-CM8OBSG" duration="00:00:00.0032500" startTime="2026-09-08T08:48:41.2414438+02:00" endTime="2026-09-08T08:48:41.2446617+02:00" testType="13cdc9d9-ddb5-4fa4-a97d-d965ccfc6d4b" outcome="Passed" testListId="8c84fa94-04c1-424b-9868-57a2d4851a1d" relativeResultsDirectory="435004de-6dc6-45c6-b825-bcdf74dfaad8" />
    <UnitTestResult executionId="89d709c7-c119-4dfc-ba61-b545403b8f6f" testId="86247c56-e1d4-322a-6be3-71cf0eafcf27" testName="Rezepte.Tests.ViewModels.UserAdminViewModelTests.CreateAsync_ShouldReportGenericMessageForServerProblemDetails" computerName="DESKTOP-CM8OBSG" duration="00:00:00.0045655" startTime="2026-09-08T08:48:39.1382190+02:00" endTime="2026-09-08T08:48:39.1427404+02:00" testType="13cdc9d9-ddb5-4fa4-a97d-d965ccfc6d4b" outcome="Passed" testListId="8c84fa94-04c1-424b-9868-57a2d4851a1d" relativeResultsDirectory="89d709c7-c119-4dfc-ba61-b545403b8f6f" />
    <UnitTestResult executionId="18efc64a-dca4-4e02-9a8c-7a45eec4d7cd" testId="d969a04c-559e-a9d2-598d-34ddfbc28ea7" testName="Rezepte.Tests.Services.RecipeServiceTests.GetByIdAsync_ShouldReturnSideDishes_InConfiguredOrder" computerName="DESKTOP-CM8OBSG" duration="00:00:00.0036479" startTime="2026-09-08T08:48:41.2866382+02:00" endTime="2026-09-08T08:48:41.2899157+02:00" testType="13cdc9d9-ddb5-4fa4-a97d-d965ccfc6d4b" outcome="Passed" testListId="8c84fa94-04c1-424b-9868-57a2d4851a1d" relativeResultsDirectory="18efc64a-dca4-4e02-9a8c-7a45eec4d7cd" />
    <UnitTestResult executionId="5aff4778-415e-42e3-8430-d37bbb267977" testId="d32ab203-3eed-3cc4-fe7a-af05fc6c3d58" testName="Rezepte.Tests.Services.Import.SdkImportParserBaseTests.ParseIngredientLine_ShouldParseVulgarFractions(line: &quot;½ TL Salz&quot;, amount: 0,5, unit: &quot;TL&quot;, name: &quot;Salz&quot;)" computerName="DESKTOP-CM8OBSG" duration="00:00:00.0002340" startTime="2026-09-08T08:48:38.3758335+02:00" endTime="2026-09-08T08:48:38.3758755+02:00" testType="13cdc9d9-ddb5-4fa4-a97d-d965ccfc6d4b" outcome="Passed" testListId="8c84fa94-04c1-424b-9868-57a2d4851a1d" relativeResultsDirectory="5aff4778-415e-42e3-8430-d37bbb267977" />
    <UnitTestResult executionId="1bae0489-4421-4ca9-97ee-45a8d504fd10" testId="2171614a-4bf3-bc29-1bf0-55d46b45c4ae" testName="Rezepte.Tests.Services.Import.GeminiUsabilityChecksTests.CollectAsync_ShouldReportDisabledGlobalGemini" computerName="DESKTOP-CM8OBSG" duration="00:00:01.5106267" startTime="2026-09-08T08:48:37.7708107+02:00" endTime="2026-09-08T08:48:39.2541299+02:00" testType="13cdc9d9-ddb5-4fa4-a97d-d965ccfc6d4b" outcome="Passed" testListId="8c84fa94-04c1-424b-9868-57a2d4851a1d" relativeResultsDirectory="1bae0489-4421-4ca9-97ee-45a8d504fd10" />
    <UnitTestResult executionId="7e10ccd0-4cd9-4bc8-b670-4cb2581501ed" testId="36156f28-cd01-bf93-6efd-9fb1c111f024" testName="Rezepte.Tests.Services.Validation.UsernameValidatorTests.Validate_ShouldRejectMissingOrInvalidLengthUsernames(username: &quot;&quot;)" computerName="DESKTOP-CM8OBSG" duration="00:00:00.0001668" startTime="2026-09-08T08:48:38.9134051+02:00" endTime="2026-09-08T08:48:38.9134889+02:00" testType="13cdc9d9-ddb5-4fa4-a97d-d965ccfc6d4b" outcome="Passed" testListId="8c84fa94-04c1-424b-9868-57a2d4851a1d" relativeResultsDirectory="7e10ccd0-4cd9-4bc8-b670-4cb2581501ed" />
    <UnitTestResult executionId="62cb5e96-4c24-413b-ba52-a1606a544ddb" testId="95593c3d-0ff3-c54d-39bf-d7d3b18e3e61" testName="Rezepte.Tests.ContractExport.ContractExportScriptTests.ExportFailsFastWhenDirectoryBuildPropsIsMissing" computerName="DESKTOP-CM8OBSG" duration="00:00:01.1172752" startTime="2026-09-08T08:49:57.6671756+02:00" endTime="2026-09-08T08:49:58.7836321+02:00" testType="13cdc9d9-ddb5-4fa4-a97d-d965ccfc6d4b" outcome="Passed" testListId="8c84fa94-04c1-424b-9868-57a2d4851a1d" relativeResultsDirectory="62cb5e96-4c24-413b-ba52-a1606a544ddb" />
    <UnitTestResult executionId="948a4681-d835-4f4b-97a5-8c7b7e298347" testId="8f5122d3-194c-4de4-190b-2bf714f9a0c9" testName="Rezepte.Tests.Services.CalendarServiceTests.CreateEventAsync_ShouldAllowEventWithoutRecipe" computerName="DESKTOP-CM8OBSG" duration="00:00:01.1700052" startTime="2026-09-08T08:48:39.2426355+02:00" endTime="2026-09-08T08:48:40.4126445+02:00" testType="13cdc9d9-ddb5-4fa4-a97d-d965ccfc6d4b" outcome="Passed" testListId="8c84fa94-04c1-424b-9868-57a2d4851a1d" relativeResultsDirectory="948a4681-d835-4f4b-97a5-8c7b7e298347" />
    <UnitTestResult executionId="ea501823-ee85-487b-aac0-298cd52d65e1" testId="4b6e3349-5c50-ff94-bd3e-db5610f4cf56" testName="Rezepte.Tests.Services.ShoppingListServiceTests.AddItemAsync_ShouldAddItemToUsersGroup" computerName="DESKTOP-CM8OBSG" duration="00:00:00.0042553" startTime="2026-09-08T08:48:41.2353993+02:00" endTime="2026-09-08T08:48:41.2393648+02:00" testType="13cdc9d9-ddb5-4fa4-a97d-d965ccfc6d4b" outcome="Passed" testListId="8c84fa94-04c1-424b-9868-57a2d4851a1d" relativeResultsDirectory="ea501823-ee85-487b-aac0-298cd52d65e1" />
    <UnitTestResult executionId="7643914d-e122-4e3e-bf7d-6fdb200b7568" testId="2a57193a-1e1a-01c2-1163-01a6e605dd9e" testName="Rezepte.Tests.Services.Import.SdkImportParserBaseTests.ParseIngredientLine_ShouldParseQuantityUnitAndName(line: &quot;   &quot;, amount: 0, unit: null, name: &quot;&quot;)" computerName="DESKTOP-CM8OBSG" duration="00:00:00.0000026" startTime="2026-09-08T08:48:38.3676455+02:00" endTime="2026-09-08T08:48:38.3677013+02:00" testType="13cdc9d9-ddb5-4fa4-a97d-d965ccfc6d4b" outcome="Passed" testListId="8c84fa94-04c1-424b-9868-57a2d4851a1d" relativeResultsDirectory="7643914d-e122-4e3e-bf7d-6fdb200b7568" />
    <UnitTestResult executionId="9bbcfe9a-8e95-436d-a479-03fda663661b" testId="c063f63a-3c0b-e669-f05d-8fadbd68b10f" testName="Rezepte.Tests.Services.GoogleCredentialsProviderTests.GetServiceAccountFilePath_ReturnsPath_FromOptions_WhenEnvNotSet" computerName="DESKTOP-CM8OBSG" duration="00:00:00.0003288" startTime="2026-09-08T08:48:40.2231283+02:00" endTime="2026-09-08T08:48:40.2234102+02:00" testType="13cdc9d9-ddb5-4fa4-a97d-d965ccfc6d4b" outcome="Passed" testListId="8c84fa94-04c1-424b-9868-57a2d4851a1d" relativeResultsDirectory="9bbcfe9a-8e95-436d-a479-03fda663661b" />
    <UnitTestResult executionId="e1cc0d0f-cdae-4335-b707-cc1ed61743a2" testId="a9296784-0c79-045b-0302-bcc9c190411f" testName="Rezepte.Tests.Services.ApplicationUpdateSettingsServiceTests.GetStatus_ShouldReportMatchingPackage" computerName="DESKTOP-CM8OBSG" duration="00:00:00.0046516" startTime="2026-09-08T08:48:40.4195973+02:00" endTime="2026-09-08T08:48:40.4245478+02:00" testType="13cdc9d9-ddb5-4fa4-a97d-d965ccfc6d4b" outcome="Passed" testListId="8c84fa94-04c1-424b-9868-57a2d4851a1d" relativeResultsDirectory="e1cc0d0f-cdae-4335-b707-cc1ed61743a2" />
    <UnitTestResult executionId="53a729cf-0b5f-4a5b-8541-ca1a11dc515e" testId="4d1c4d30-b9ca-7452-23e3-cf9c9d3aa248" testName="Rezepte.Tests.Services.RecipeServiceTests.UpdateAsync_ShouldReplaceSteps" computerName="DESKTOP-CM8OBSG" duration="00:00:00.0061524" startTime="2026-09-08T08:48:41.2662320+02:00" endTime="2026-09-08T08:48:41.2722189+02:00" testType="13cdc9d9-ddb5-4fa4-a97d-d965ccfc6d4b" outcome="Passed" testListId="8c84fa94-04c1-424b-9868-57a2d4851a1d" relativeResultsDirectory="53a729cf-0b5f-4a5b-8541-ca1a11dc515e" />
    <UnitTestResult executionId="1a3694d6-1ad9-4344-9a19-b9375dd581aa" testId="b1535ebc-01f7-c7ad-3dbc-a8a8493832d6" testName="Rezepte.Tests.Services.TokenServiceTests.CreateToken_ShouldIssueSignedTokenWithIdentityClaims" computerName="DESKTOP-CM8OBSG" duration="00:00:00.0038904" startTime="2026-09-08T08:48:40.4882710+02:00" endTime="2026-09-08T08:48:40.4931849+02:00" testType="13cdc9d9-ddb5-4fa4-a97d-d965ccfc6d4b" outcome="Passed" testListId="8c84fa94-04c1-424b-9868-57a2d4851a1d" relativeResultsDirectory="1a3694d6-1ad9-4344-9a19-b9375dd581aa" />
    <UnitTestResult executionId="5bab0fb9-3a74-4e06-8895-6b197a97c92d" testId="01f8ece5-b46d-bd8e-b7cc-ee554d63a1ab" testName="Rezepte.Tests.Services.Import.SdkImportParserBaseTests.ParseIngredientLine_ShouldParseQuantityUnitAndName(line: &quot;500 g Mehl&quot;, amount: 500, unit: &quot;g&quot;, name: &quot;Mehl&quot;)" computerName="DESKTOP-CM8OBSG" duration="00:00:00.0000106" startTime="2026-09-08T08:48:38.3703228+02:00" endTime="2026-09-08T08:48:38.3703613+02:00" testType="13cdc9d9-ddb5-4fa4-a97d-d965ccfc6d4b" outcome="Passed" testListId="8c84fa94-04c1-424b-9868-57a2d4851a1d" relativeResultsDirectory="5bab0fb9-3a74-4e06-8895-6b197a97c92d" />
    <UnitTestResult executionId="95317552-d02f-4abe-a09d-2a236478a3c4" testId="ba13a363-d72b-be3b-6b52-152958b3cbc7" testName="Rezepte.Tests.ViewModels.UserAdminViewModelTests.CreateAsync_ShouldRequireUsernameAndPassword" computerName="DESKTOP-CM8OBSG" duration="00:00:00.0015064" startTime="2026-09-08T08:48:39.8908407+02:00" endTime="2026-09-08T08:48:39.8916390+02:00" testType="13cdc9d9-ddb5-4fa4-a97d-d965ccfc6d4b" outcome="Passed" testListId="8c84fa94-04c1-424b-9868-57a2d4851a1d" relativeResultsDirectory="95317552-d02f-4abe-a09d-2a236478a3c4" />
    <UnitTestResult executionId="89481c37-cfbc-4ca0-9dbf-de297c771013" testId="55f096af-b680-9d93-f80c-636c928cff62" testName="Rezepte.Tests.Services.SettingsServiceTests.SetGlobalMaxRequestsPerHourAsync_ShouldClearValue_WhenPassedNull" computerName="DESKTOP-CM8OBSG" duration="00:00:00.0012566" startTime="2026-09-08T08:48:40.7277838+02:00" endTime="2026-09-08T08:48:40.7288881+02:00" testType="13cdc9d9-ddb5-4fa4-a97d-d965ccfc6d4b" outcome="Passed" testListId="8c84fa94-04c1-424b-9868-57a2d4851a1d" relativeResultsDirectory="89481c37-cfbc-4ca0-9dbf-de297c771013" />
    <UnitTestResult executionId="4db84f32-8b1f-4fe5-a0a5-98a72f809946" testId="2d3008fe-1a42-3730-8368-f3aaf52267a7" testName="Rezepte.Tests.Services.RecipeServiceTests.AddExistingToCookbookAsync_ShouldReturnEmpty_WhenNoIds" computerName="DESKTOP-CM8OBSG" duration="00:00:00.0022404" startTime="2026-09-08T08:48:41.3647665+02:00" endTime="2026-09-08T08:48:41.3669263+02:00" testType="13cdc9d9-ddb5-4fa4-a97d-d965ccfc6d4b" outcome="Passed" testListId="8c84fa94-04c1-424b-9868-57a2d4851a1d" relativeResultsDirectory="4db84f32-8b1f-4fe5-a0a5-98a72f809946" />
    <UnitTestResult executionId="7ed363c5-0d32-4132-8435-12bb5eebe098" testId="625695bc-56e0-5026-4410-5a7c672095b5" testName="Rezepte.Tests.Services.Import.PluginSettingsServiceTests.SaveSourceAsync_ShouldCanonicalizeGlobalSourceAndStorePatOnlyInSecretStore" computerName="DESKTOP-CM8OBSG" duration="00:00:00.0889202" startTime="2026-09-08T08:48:40.4588176+02:00" endTime="2026-09-08T08:48:40.5526902+02:00" testType="13cdc9d9-ddb5-4fa4-a97d-d965ccfc6d4b" outcome="Passed" testListId="8c84fa94-04c1-424b-9868-57a2d4851a1d" relativeResultsDirectory="7ed363c5-0d32-4132-8435-12bb5eebe098" />
    <UnitTestResult executionId="7ad83e92-7afb-49a2-b10c-9e2a207d39fb" testId="beb46ad2-5b20-06b1-675c-07b3cd162c9e" testName="Rezepte.Tests.ViewModels.UserAdminViewModelTests.DeleteAsync_ShouldRemoveUserOnSuccess" computerName="DESKTOP-CM8OBSG" duration="00:00:00.0035312" startTime="2026-09-08T08:48:39.8863570+02:00" endTime="2026-09-08T08:48:39.8897254+02:00" testType="13cdc9d9-ddb5-4fa4-a97d-d965ccfc6d4b" outcome="Passed" testListId="8c84fa94-04c1-424b-9868-57a2d4851a1d" relativeResultsDirectory="7ad83e92-7afb-49a2-b10c-9e2a207d39fb" />
    <UnitTestResult executionId="9125fe9a-8eb2-4828-a70a-f081039c256a" testId="5f733ef7-e3d1-5af4-df6f-73bbfbdcb459" testName="Rezepte.Tests.ViewModels.UserProfileViewModelTests.SaveProfileAsync_ShouldTrimInputAndApplyServerResponse" computerName="DESKTOP-CM8OBSG" duration="00:00:00.0017796" startTime="2026-09-08T08:48:39.7409792+02:00" endTime="2026-09-08T08:48:39.7425281+02:00" testType="13cdc9d9-ddb5-4fa4-a97d-d965ccfc6d4b" outcome="Passed" testListId="8c84fa94-04c1-424b-9868-57a2d4851a1d" relativeResultsDirectory="9125fe9a-8eb2-4828-a70a-f081039c256a" />
    <UnitTestResult executionId="fea4df65-158e-4fd7-9296-70047d74dce5" testId="cdcf7652-ccde-c0ac-0f34-87366d34c056" testName="Rezepte.Tests.Services.Import.WebImportParserBaseTests.ParseIngredientLine_ShouldParseQuantityUnitAndName(line: &quot;1 1/2 EL Zucker&quot;, amount: 1,5, unit: &quot;EL&quot;, name: &quot;Zucker&quot;)" computerName="DESKTOP-CM8OBSG" duration="00:00:00.0038486" startTime="2026-09-08T08:48:39.2694202+02:00" endTime="2026-09-08T08:48:39.2736780+02:00" testType="13cdc9d9-ddb5-4fa4-a97d-d965ccfc6d4b" outcome="Passed" testListId="8c84fa94-04c1-424b-9868-57a2d4851a1d" relativeResultsDirectory="fea4df65-158e-4fd7-9296-70047d74dce5" />
    <UnitTestResult executionId="7576be81-31aa-4c26-874a-c9e3336c9aef" testId="67ef2f33-5a52-bd1a-28a6-b60cc865503a" testName="Rezepte.Tests.Services.ApplicationUpdateSettingsServiceTests.GetStatus_ShouldMapUpdaterSnapshot" computerName="DESKTOP-CM8OBSG" duration="00:00:00.0004787" startTime="2026-09-08T08:48:40.4247041+02:00" endTime="2026-09-08T08:48:40.4247410+02:00" testType="13cdc9d9-ddb5-4fa4-a97d-d965ccfc6d4b" outcome="Passed" testListId="8c84fa94-04c1-424b-9868-57a2d4851a1d" relativeResultsDirectory="7576be81-31aa-4c26-874a-c9e3336c9aef" />
    <UnitTestResult executionId="2f5d5329-63d0-4f87-bdb8-a36693a3d3c7" testId="1dd4fc3f-b441-75fc-bb2e-90d326e10afe" testName="Rezepte.Tests.Services.SettingsServiceTests.SetSecurityTxtSettingsAsync_ShouldOverwriteExistingValues" computerName="DESKTOP-CM8OBSG" duration="00:00:00.0021682" startTime="2026-09-08T08:48:40.6151179+02:00" endTime="2026-09-08T08:48:40.6167370+02:00" testType="13cdc9d9-ddb5-4fa4-a97d-d965ccfc6d4b" outcome="Passed" testListId="8c84fa94-04c1-424b-9868-57a2d4851a1d" relativeResultsDirectory="2f5d5329-63d0-4f87-bdb8-a36693a3d3c7" />
    <UnitTestResult executionId="3613e858-7e1e-425e-b010-88df8686849b" testId="fddd8ed3-7595-14ad-6ca3-4abc3e563ce1" testName="Rezepte.Tests.ViewModels.UserProfileViewModelTests.LoadAsync_ShouldFallBackToGenericMessageWithoutServerMessage" computerName="DESKTOP-CM8OBSG" duration="00:00:00.5884589" startTime="2026-09-08T08:48:39.1419095+02:00" endTime="2026-09-08T08:48:39.7293106+02:00" testType="13cdc9d9-ddb5-4fa4-a97d-d965ccfc6d4b" outcome="Passed" testListId="8c84fa94-04c1-424b-9868-57a2d4851a1d" relativeResultsDirectory="3613e858-7e1e-425e-b010-88df8686849b" />
    <UnitTestResult executionId="229eb54a-36b9-4f59-9bc4-db66fc12126c" testId="fe754d9d-b524-99bf-18c7-280302485358" testName="Rezepte.Tests.Services.LoadingBarServiceDefaultsTests.GetSettings_WithValidCustomOptions_ReturnsConfiguredValues" computerName="DESKTOP-CM8OBSG" duration="00:00:00.0025572" startTime="2026-09-08T08:48:38.9083377+02:00" endTime="2026-09-08T08:48:38.9105307+02:00" testType="13cdc9d9-ddb5-4fa4-a97d-d965ccfc6d4b" outcome="Passed" testListId="8c84fa94-04c1-424b-9868-57a2d4851a1d" relativeResultsDirectory="229eb54a-36b9-4f59-9bc4-db66fc12126c" />
    <UnitTestResult executionId="ed9ce1b3-59d6-4d6d-9831-0a53881b27a1" testId="31dcc1e2-f45a-a352-2253-eaf117a91a8f" testName="Rezepte.Tests.Security.RemoteUrlGuardTests.TryValidateAsync_RejectsNonStandardPorts" computerName="DESKTOP-CM8OBSG" duration="00:00:00.0004078" startTime="2026-09-08T08:48:39.9512734+02:00" endTime="2026-09-08T08:48:39.9513529+02:00" testType="13cdc9d9-ddb5-4fa4-a97d-d965ccfc6d4b" outcome="Passed" testListId="8c84fa94-04c1-424b-9868-57a2d4851a1d" relativeResultsDirectory="ed9ce1b3-59d6-4d6d-9831-0a53881b27a1" />
    <UnitTestResult executionId="d2bcb58d-73d5-4c53-adaa-de9d291f78f6" testId="bffd9529-3fe7-bf16-7b41-9ef6e273584c" testName="Rezepte.Tests.Services.Validation.UsernameValidatorTests.Validate_ShouldRejectMissingOrInvalidLengthUsernames(username: &quot;me&quot;)" computerName="DESKTOP-CM8OBSG" duration="00:00:00.0000073" startTime="2026-09-08T08:48:38.9145309+02:00" endTime="2026-09-08T08:48:38.9145573+02:00" testType="13cdc9d9-ddb5-4fa4-a97d-d965ccfc6d4b" outcome="Passed" testListId="8c84fa94-04c1-424b-9868-57a2d4851a1d" relativeResultsDirectory="d2bcb58d-73d5-4c53-adaa-de9d291f78f6" />
    <UnitTestResult executionId="1d58082b-1b75-4c0d-95d8-4c73f328dfa8" testId="d5ad3108-e3db-373b-6e61-95be63ae3b52" testName="Rezepte.Tests.Services.ExportServiceRestoreTests.RestoreFromZipAsync_ShouldRestoreRecipeAndImage_WhenArchiveIsValid" computerName="DESKTOP-CM8OBSG" duration="00:00:00.0769080" startTime="2026-09-08T08:48:41.5688166+02:00" endTime="2026-09-08T08:48:41.6456447+02:00" testType="13cdc9d9-ddb5-4fa4-a97d-d965ccfc6d4b" outcome="Passed" testListId="8c84fa94-04c1-424b-9868-57a2d4851a1d" relativeResultsDirectory="1d58082b-1b75-4c0d-95d8-4c73f328dfa8" />
    <UnitTestResult executionId="c6af87d4-cb87-4876-8e03-82dc2096d268" testId="32247cae-4d61-3ebe-67ab-92ac8ee424bf" testName="Rezepte.Tests.Services.CalendarServiceTests.GetOccurrencesAsync_ShouldExpandWeeklyRecurrenceOnTuesdayAndSaturday" computerName="DESKTOP-CM8OBSG" duration="00:00:00.0212486" startTime="2026-09-08T08:48:40.5751616+02:00" endTime="2026-09-08T08:48:40.5962203+02:00" testType="13cdc9d9-ddb5-4fa4-a97d-d965ccfc6d4b" outcome="Passed" testListId="8c84fa94-04c1-424b-9868-57a2d4851a1d" relativeResultsDirectory="c6af87d4-cb87-4876-8e03-82dc2096d268" />
    <UnitTestResult executionId="6fd24602-157a-4453-8119-0e2763b387e9" testId="3064b57c-942c-8969-97f9-19dcfb5c9438" testName="Rezepte.Tests.Services.LoadingBarServiceValidationTests.GetSettings_WithHideDelayAboveMaximum_FallsBackToDefaultHideDelay" computerName="DESKTOP-CM8OBSG" duration="00:00:00.0001000" startTime="2026-09-08T08:48:40.0037938+02:00" endTime="2026-09-08T08:48:40.0038297+02:00" testType="13cdc9d9-ddb5-4fa4-a97d-d965ccfc6d4b" outcome="Passed" testListId="8c84fa94-04c1-424b-9868-57a2d4851a1d" relativeResultsDirectory="6fd24602-157a-4453-8119-0e2763b387e9" />
    <UnitTestResult executionId="0e69347c-4dc5-49fc-9422-f6fef7296eaa" testId="1232ab85-3f21-b3f2-b9d1-72c31cd93c02" testName="Rezepte.Tests.Services.BackgroundJobs.BackgroundJobPersistenceTests.DbContext_ShouldPersistBackgroundJob" computerName="DESKTOP-CM8OBSG" duration="00:00:00.0371421" startTime="2026-09-08T08:48:41.4887052+02:00" endTime="2026-09-08T08:48:41.5258664+02:00" testType="13cdc9d9-ddb5-4fa4-a97d-d965ccfc6d4b" outcome="Passed" testListId="8c84fa94-04c1-424b-9868-57a2d4851a1d" relativeResultsDirectory="0e69347c-4dc5-49fc-9422-f6fef7296eaa" />
    <UnitTestResult executionId="c4b1ecc0-3ac1-4e2d-bc19-316d9a4195e2" testId="5ef1a2bf-d1e4-dcc0-84e6-20df0413a047" testName="Rezepte.Tests.Services.CurrentUserAccessorTests.WaitForUserAsync_ShouldIgnoreCancellationAfterUserWasSet" computerName="DESKTOP-CM8OBSG" duration="00:00:00.0274118" startTime="2026-09-08T08:48:40.4608388+02:00" endTime="2026-09-08T08:48:40.5422459+02:00" testType="13cdc9d9-ddb5-4fa4-a97d-d965ccfc6d4b" outcome="Passed" testListId="8c84fa94-04c1-424b-9868-57a2d4851a1d" relativeResultsDirectory="c4b1ecc0-3ac1-4e2d-bc19-316d9a4195e2" />
    <UnitTestResult executionId="4862a254-fad1-4c9e-979a-501c2a09286c" testId="cba4406f-90bf-afc6-4f6a-9a083a5ae356" testName="Rezepte.Tests.Services.Import.PluginSourceReleaseTests.GitHubRepository_Parse_ShouldCanonicalizeHttpsGitHubRepository" computerName="DESKTOP-CM8OBSG" duration="00:00:00.0010586" startTime="2026-09-08T08:48:39.9694196+02:00" endTime="2026-09-08T08:48:39.9698474+02:00" testType="13cdc9d9-ddb5-4fa4-a97d-d965ccfc6d4b" outcome="Passed" testListId="8c84fa94-04c1-424b-9868-57a2d4851a1d" relativeResultsDirectory="4862a254-fad1-4c9e-979a-501c2a09286c" />
    <UnitTestResult executionId="1725df28-14cc-4f48-83f3-415ceb89a20b" testId="e9e2dab2-1ec2-4bf5-0c73-64fa5340e317" testName="Rezepte.Tests.Services.UpdateBackupServiceTests.CreateBackupAsync_ShouldRejectMissingBackupDirectory(directory: &quot;   &quot;)" computerName="DESKTOP-CM8OBSG" duration="00:00:00.0063343" startTime="2026-09-08T08:48:39.7638582+02:00" endTime="2026-09-08T08:48:39.7699795+02:00" testType="13cdc9d9-ddb5-4fa4-a97d-d965ccfc6d4b" outcome="Passed" testListId="8c84fa94-04c1-424b-9868-57a2d4851a1d" relativeResultsDirectory="1725df28-14cc-4f48-83f3-415ceb89a20b" />
    <UnitTestResult executionId="c3a2f91f-e279-4226-9c97-ba842caf5bbe" testId="c336ebad-5e49-9400-7d49-b7d0d292e3a4" testName="Rezepte.Tests.Services.Import.SdkImportParserBaseTests.ParseIngredientLine_ShouldParseQuantityUnitAndName(line: &quot;1,5 kg Kartoffeln&quot;, amount: 1,5, unit: &quot;kg&quot;, name: &quot;Kartoffeln&quot;)" computerName="DESKTOP-CM8OBSG" duration="00:00:00.0001483" startTime="2026-09-08T08:48:38.3679181+02:00" endTime="2026-09-08T08:48:38.3679467+02:00" testType="13cdc9d9-ddb5-4fa4-a97d-d965ccfc6d4b" outcome="Passed" testListId="8c84fa94-04c1-424b-9868-57a2d4851a1d" relativeResultsDirectory="c3a2f91f-e279-4226-9c97-ba842caf5bbe" />
    <UnitTestResult executionId="adb68908-dce3-43ba-a075-7233272c22f8" testId="2ea1487f-2383-c51f-71a3-6985ad97be49" testName="Rezepte.Tests.Services.Import.SdkImportParserBaseTests.ParseIngredientLine_ShouldParseVulgarFractions(line: &quot;Mehl ½&quot;, amount: 0,5, unit: null, name: &quot;Mehl&quot;)" computerName="DESKTOP-CM8OBSG" duration="00:00:00.0000108" startTime="2026-09-08T08:48:38.3762130+02:00" endTime="2026-09-08T08:48:38.3762510+02:00" testType="13cdc9d9-ddb5-4fa4-a97d-d965ccfc6d4b" outcome="Passed" testListId="8c84fa94-04c1-424b-9868-57a2d4851a1d" relativeResultsDirectory="adb68908-dce3-43ba-a075-7233272c22f8" />
    <UnitTestResult executionId="8b9df759-7d10-4d57-a969-92477c10f0fd" testId="d77a0e57-bc11-610c-ff4b-0f8e3661a3ee" testName="Rezepte.Tests.Security.PasswordHasherTests.Verify_ShouldReturnFailed_WhenIterationsBelowMin" computerName="DESKTOP-CM8OBSG" duration="00:00:00.0208496" startTime="2026-09-08T08:48:40.0768996+02:00" endTime="2026-09-08T08:48:40.0977951+02:00" testType="13cdc9d9-ddb5-4fa4-a97d-d965ccfc6d4b" outcome="Passed" testListId="8c84fa94-04c1-424b-9868-57a2d4851a1d" relativeResultsDirectory="8b9df759-7d10-4d57-a969-92477c10f0fd" />
    <UnitTestResult executionId="2764ba97-b02c-4bcb-ae73-17a9e664dc9d" testId="c8b8859d-ca5b-872c-719c-121a13796dca" testName="Rezepte.Tests.Services.Validation.UsernameValidatorTests.Validate_ShouldAcceptValidUsernames(username: &quot;anna-2026&quot;)" computerName="DESKTOP-CM8OBSG" duration="00:00:00.0001199" startTime="2026-09-08T08:48:38.9236990+02:00" endTime="2026-09-08T08:48:38.9237268+02:00" testType="13cdc9d9-ddb5-4fa4-a97d-d965ccfc6d4b" outcome="Passed" testListId="8c84fa94-04c1-424b-9868-57a2d4851a1d" relativeResultsDirectory="2764ba97-b02c-4bcb-ae73-17a9e664dc9d" />
    <UnitTestResult executionId="6367b3a7-2e97-4023-9beb-c042fd037f36" testId="691f1e58-d2e7-89ae-0a0a-64de19d18591" testName="Rezepte.Tests.Services.UpdateBackupServiceTests.CreateBackupAsync_ShouldWriteFinalZipAndUseConfiguredExportOptions" computerName="DESKTOP-CM8OBSG" duration="00:00:00.0166113" startTime="2026-09-08T08:48:39.8123455+02:00" endTime="2026-09-08T08:48:39.8311813+02:00" testType="13cdc9d9-ddb5-4fa4-a97d-d965ccfc6d4b" outcome="Passed" testListId="8c84fa94-04c1-424b-9868-57a2d4851a1d" relativeResultsDirectory="6367b3a7-2e97-4023-9beb-c042fd037f36" />
    <UnitTestResult executionId="2db32871-d863-4265-bab9-cecee6a03d67" testId="0f58e351-c6f9-ffce-76f5-882316a0ca3a" testName="Rezepte.Tests.Services.Import.SdkImportParserBaseTests.ParseIsoDurationToMinutes_ShouldConvertDuration(value: &quot;PT1H15M30S&quot;, expected: 76)" computerName="DESKTOP-CM8OBSG" duration="00:00:00.0000040" startTime="2026-09-08T08:48:38.3754544+02:00" endTime="2026-09-08T08:48:38.3754931+02:00" testType="13cdc9d9-ddb5-4fa4-a97d-d965ccfc6d4b" outcome="Passed" testListId="8c84fa94-04c1-424b-9868-57a2d4851a1d" relativeResultsDirectory="2db32871-d863-4265-bab9-cecee6a03d67" />
    <UnitTestResult executionId="d3a37f64-37a4-47dc-be6c-64604c986b8d" testId="e4321704-b9eb-489c-0749-cce41d0263e1" testName="Rezepte.Tests.ViewModels.UserProfileViewModelTests.LoadAsync_ShouldHandleTransportFailures" computerName="DESKTOP-CM8OBSG" duration="00:00:00.0022778" startTime="2026-09-08T08:48:39.1311545+02:00" endTime="2026-09-08T08:48:39.1332144+02:00" testType="13cdc9d9-ddb5-4fa4-a97d-d965ccfc6d4b" outcome="Passed" testListId="8c84fa94-04c1-424b-9868-57a2d4851a1d" relativeResultsDirectory="d3a37f64-37a4-47dc-be6c-64604c986b8d" />
    <UnitTestResult executionId="9f76d98a-5f51-4d91-ba63-9cc6a08cb905" testId="00aafdaa-ec19-5935-deb5-ee65b370dc99" testName="Rezepte.Tests.Services.Import.ImportOrchestratorTests.StartImportAsync_ShouldSupportInteractivePluginConfirmation" computerName="DESKTOP-CM8OBSG" duration="00:00:00.1645894" startTime="2026-09-08T08:48:41.3213678+02:00" endTime="2026-09-08T08:48:41.4878990+02:00" testType="13cdc9d9-ddb5-4fa4-a97d-d965ccfc6d4b" outcome="Passed" testListId="8c84fa94-04c1-424b-9868-57a2d4851a1d" relativeResultsDirectory="9f76d98a-5f51-4d91-ba63-9cc6a08cb905" />
    <UnitTestResult executionId="00a5c269-fb56-4674-ba98-f606030e8acb" testId="60e2a57d-4b2b-f68f-408d-35745826aac7" testName="Rezepte.Tests.ContractExport.ContractExportScriptTests.ExportIgnoresBuildArtifactsInContractDirectories" computerName="DESKTOP-CM8OBSG" duration="00:00:13.2704105" startTime="2026-09-08T08:50:12.9341891+02:00" endTime="2026-09-08T08:50:26.2038095+02:00" testType="13cdc9d9-ddb5-4fa4-a97d-d965ccfc6d4b" outcome="Passed" testListId="8c84fa94-04c1-424b-9868-57a2d4851a1d" relativeResultsDirectory="00a5c269-fb56-4674-ba98-f606030e8acb" />
    <UnitTestResult executionId="466ee6b5-2530-46b9-b8db-9c53ca46794d" testId="d032d0d6-316e-02aa-576d-64f4f9502390" testName="Rezepte.Tests.Services.Validation.UsernameValidatorTests.Validate_ShouldRejectReservedUsernames(username: &quot;rezepte-admin&quot;)" computerName="DESKTOP-CM8OBSG" duration="00:00:00.0000066" startTime="2026-09-08T08:48:38.9195553+02:00" endTime="2026-09-08T08:48:38.9195936+02:00" testType="13cdc9d9-ddb5-4fa4-a97d-d965ccfc6d4b" outcome="Passed" testListId="8c84fa94-04c1-424b-9868-57a2d4851a1d" relativeResultsDirectory="466ee6b5-2530-46b9-b8db-9c53ca46794d" />
    <UnitTestResult executionId="135daaea-60e0-43fd-aff2-38133d71ed31" testId="3696d0a2-d1ef-fda1-06f0-e07921d697d0" testName="Rezepte.Tests.Security.PasswordHasherTests.Hash_ShouldUseCurrentIterations_ByDefault" computerName="DESKTOP-CM8OBSG" duration="00:00:00.0291640" startTime="2026-09-08T08:48:40.0474478+02:00" endTime="2026-09-08T08:48:40.0764848+02:00" testType="13cdc9d9-ddb5-4fa4-a97d-d965ccfc6d4b" outcome="Passed" testListId="8c84fa94-04c1-424b-9868-57a2d4851a1d" relativeResultsDirectory="135daaea-60e0-43fd-aff2-38133d71ed31" />
    <UnitTestResult executionId="11291a8d-c4be-4f94-81d7-c6c243e51a41" testId="489ea8d2-12a6-bf56-6848-5bcc57a149f3" testName="Rezepte.Tests.Controllers.SettingsControllerSecurityTxtValidationTests.SetGlobalSecurityTxt_ReturnsBadRequest_WhenEnabledAndExpiresMissing" computerName="DESKTOP-CM8OBSG" duration="00:00:00.0004037" startTime="2026-09-08T08:48:39.2651268+02:00" endTime="2026-09-08T08:48:39.2654244+02:00" testType="13cdc9d9-ddb5-4fa4-a97d-d965ccfc6d4b" outcome="Passed" testListId="8c84fa94-04c1-424b-9868-57a2d4851a1d" relativeResultsDirectory="11291a8d-c4be-4f94-81d7-c6c243e51a41" />
    <UnitTestResult executionId="2fd2d227-d3c9-4e52-bbb4-e61141a8cafc" testId="b55c67cc-9b17-a694-b476-b90e036a647d" testName="Rezepte.Tests.Services.Validation.UsernameValidatorTests.Validate_ShouldRejectOfficialLookingUsernames(username: &quot;securityadmin&quot;)" computerName="DESKTOP-CM8OBSG" duration="00:00:00.0004250" startTime="2026-09-08T08:48:38.9212793+02:00" endTime="2026-09-08T08:48:38.9214880+02:00" testType="13cdc9d9-ddb5-4fa4-a97d-d965ccfc6d4b" outcome="Passed" testListId="8c84fa94-04c1-424b-9868-57a2d4851a1d" relativeResultsDirectory="2fd2d227-d3c9-4e52-bbb4-e61141a8cafc" />
    <UnitTestResult executionId="31d19ea2-9d5a-4b69-aaee-b05c667c19b4" testId="40aa67a6-235b-9682-365f-d86dccdd6f12" testName="Rezepte.Tests.Services.UserServiceTests.RegisterAsync_ShouldFail_WhenUsernameAlreadyExists" computerName="DESKTOP-CM8OBSG" duration="00:00:00.0397394" startTime="2026-09-08T08:48:40.7928281+02:00" endTime="2026-09-08T08:48:40.8324818+02:00" testType="13cdc9d9-ddb5-4fa4-a97d-d965ccfc6d4b" outcome="Passed" testListId="8c84fa94-04c1-424b-9868-57a2d4851a1d" relativeResultsDirectory="31d19ea2-9d5a-4b69-aaee-b05c667c19b4" />
[...]
    <TestEntry testId="0d5c0121-cd0a-f536-f839-43af41d5c413" executionId="6c98a7b0-bc63-47fb-b0dd-b7a0fde04c85" testListId="8c84fa94-04c1-424b-9868-57a2d4851a1d" />
    <TestEntry testId="73825e77-e4c3-c8f2-6eaf-862900efa585" executionId="a02fe131-2f47-447c-9c2b-7563e6c2f444" testListId="8c84fa94-04c1-424b-9868-57a2d4851a1d" />
    <TestEntry testId="872383dc-78a2-4113-3e94-2edac2ffded1" executionId="4d7db7af-054e-4533-a3cd-47c3c6f2e5de" testListId="8c84fa94-04c1-424b-9868-57a2d4851a1d" />
    <TestEntry testId="6291c15b-2379-2b3d-dc98-2cfa5149836e" executionId="8d4716f5-b6c7-4f47-8024-9990b56848b5" testListId="8c84fa94-04c1-424b-9868-57a2d4851a1d" />
    <TestEntry testId="40119b8d-8efa-e6e7-ed54-ec31a1bcb32d" executionId="cb571a99-703d-4f1b-9704-accbdcdbbdca" testListId="8c84fa94-04c1-424b-9868-57a2d4851a1d" />
    <TestEntry testId="4f0ba488-8fa7-355c-4c0a-49825cebbc86" executionId="cc1983ff-fbb7-4e41-9508-4bf083b33766" testListId="8c84fa94-04c1-424b-9868-57a2d4851a1d" />
    <TestEntry testId="fe751612-ebd7-5361-7589-c78515c05fd9" executionId="c8443e12-dc41-4815-bd59-10f932d3c411" testListId="8c84fa94-04c1-424b-9868-57a2d4851a1d" />
    <TestEntry testId="ae230ca2-7a08-0036-1c04-bfa8e9711130" executionId="85c56903-6ac2-4e80-b1e9-9a775a83f7a1" testListId="8c84fa94-04c1-424b-9868-57a2d4851a1d" />
    <TestEntry testId="9e20df9d-a558-7908-0c81-49fccb6e5d6f" executionId="1b15f8a4-5a67-476f-98d3-3c85906dc6b4" testListId="8c84fa94-04c1-424b-9868-57a2d4851a1d" />
    <TestEntry testId="dc8559ce-6c95-a75f-cd83-50790effd1f6" executionId="1eb23614-f9e8-44d3-a7d6-62730ca6d2a4" testListId="8c84fa94-04c1-424b-9868-57a2d4851a1d" />
    <TestEntry testId="ae6e9e86-72e0-0e91-4e0d-af09080f5eb3" executionId="34aa29ea-168d-4012-9fed-c2d698a62de9" testListId="8c84fa94-04c1-424b-9868-57a2d4851a1d" />
    <TestEntry testId="bd7998d4-0f15-d1d7-7df8-3250856fc930" executionId="54a62ac0-6282-496e-8781-b552e7d67487" testListId="8c84fa94-04c1-424b-9868-57a2d4851a1d" />
    <TestEntry testId="c185dea3-840b-3993-ea0a-6034785e33e7" executionId="f4a1b2d7-1e2c-4425-af7b-f83218a24591" testListId="8c84fa94-04c1-424b-9868-57a2d4851a1d" />
    <TestEntry testId="7578831c-7e28-5973-80e2-9297319b6ca1" executionId="fefd18e1-124f-493a-9bda-3b258194e610" testListId="8c84fa94-04c1-424b-9868-57a2d4851a1d" />
    <TestEntry testId="ca34c7cf-6c9c-cfc8-3c0b-fcbe0244a2fc" executionId="a00c8188-3265-4bb5-bed0-f754d5152bf8" testListId="8c84fa94-04c1-424b-9868-57a2d4851a1d" />
    <TestEntry testId="cba68dcf-32d1-a87b-db9e-a404489b0a93" executionId="2b1fb126-3206-4b9b-babc-5c1f2e200765" testListId="8c84fa94-04c1-424b-9868-57a2d4851a1d" />
    <TestEntry testId="1fd817a5-2fe9-43b1-c10b-0dad93377d72" executionId="f3790ffb-2684-45f1-892d-a43736cbcce4" testListId="8c84fa94-04c1-424b-9868-57a2d4851a1d" />
    <TestEntry testId="d0b03706-9c1b-28bd-f8c9-c524c6204002" executionId="06168f5d-8cf6-4cac-8d65-cea0e851938b" testListId="8c84fa94-04c1-424b-9868-57a2d4851a1d" />
    <TestEntry testId="79853977-3b8a-3398-9281-b0600c2eb991" executionId="df2fc18f-e18c-4f63-975f-1eb9d67c6d58" testListId="8c84fa94-04c1-424b-9868-57a2d4851a1d" />
    <TestEntry testId="23690abe-922d-a8d2-b486-9d2df21bfe1e" executionId="9525a98e-94ac-4a75-9a0f-89451691b256" testListId="8c84fa94-04c1-424b-9868-57a2d4851a1d" />
    <TestEntry testId="89a77eb3-ea6b-e553-b15b-6592e74ab0cb" executionId="f93a7711-a13a-4574-b914-eed8a4739581" testListId="8c84fa94-04c1-424b-9868-57a2d4851a1d" />
    <TestEntry testId="77f5eb09-6f94-c576-2d66-81ed57da2a9f" executionId="fc26f767-1127-4ebd-89ed-d851e1a24eb1" testListId="8c84fa94-04c1-424b-9868-57a2d4851a1d" />
    <TestEntry testId="a7aac858-bb24-eb5e-2dc5-592eff0d8552" executionId="38ad405d-2c7f-4c37-898a-5c82a7bd5101" testListId="8c84fa94-04c1-424b-9868-57a2d4851a1d" />
    <TestEntry testId="af712b0e-0f3b-dc64-36e3-ff86c64a5d80" executionId="2c3390cf-41e9-4aa0-ba5f-c934e4839550" testListId="8c84fa94-04c1-424b-9868-57a2d4851a1d" />
    <TestEntry testId="10f08b4b-0b4f-5cd0-8873-0e9a28985f56" executionId="6c8fe8e6-88e4-4829-a78f-34759b004a4c" testListId="8c84fa94-04c1-424b-9868-57a2d4851a1d" />
    <TestEntry testId="a7bb82aa-68df-eb45-7c2a-4c3fe4a134ad" executionId="e40e230e-75e5-410e-8b23-94c124cb3092" testListId="8c84fa94-04c1-424b-9868-57a2d4851a1d" />
    <TestEntry testId="4d6d8ed8-d9cf-05f3-e63c-2b35eaa3abda" executionId="47e7a6b8-8f72-4970-b691-2eac69b7b4ea" testListId="8c84fa94-04c1-424b-9868-57a2d4851a1d" />
    <TestEntry testId="3732bb4e-dbf9-ddb4-3142-f658b4d789c8" executionId="a5b533b4-886c-423d-8378-99e7f31e7b8f" testListId="8c84fa94-04c1-424b-9868-57a2d4851a1d" />
    <TestEntry testId="9ab09c39-70b9-7800-6b59-dbb8f1f49fbd" executionId="3b44c21f-0d3c-494d-bd39-94fdca751ff8" testListId="8c84fa94-04c1-424b-9868-57a2d4851a1d" />
    <TestEntry testId="5f711101-1225-6141-d21f-3a4a610bb450" executionId="63567e91-807c-41cd-80c9-d93cb5f507d6" testListId="8c84fa94-04c1-424b-9868-57a2d4851a1d" />
    <TestEntry testId="0820f49e-b72b-319f-b0aa-be45bfd66a4d" executionId="3e380dad-3c4c-4677-b140-1e0713a95c28" testListId="8c84fa94-04c1-424b-9868-57a2d4851a1d" />
    <TestEntry testId="87282db1-8033-3149-4b0a-edcfb4f1b658" executionId="effac18f-3554-4cad-8a10-5e7a6b63f1e9" testListId="8c84fa94-04c1-424b-9868-57a2d4851a1d" />
    <TestEntry testId="32fc3491-d0b4-e6f6-6381-75933c69729d" executionId="2ca3103d-5f9a-4de1-8a50-fef423b57a6e" testListId="8c84fa94-04c1-424b-9868-57a2d4851a1d" />
    <TestEntry testId="3baa685c-c635-cb38-c06e-3d630e0dabc7" executionId="164e1c93-0523-4bf1-aaa8-f1c8bde768cc" testListId="8c84fa94-04c1-424b-9868-57a2d4851a1d" />
    <TestEntry testId="60be896e-e9a3-ac26-f097-05f454bc777d" executionId="cf2c5d0d-aeac-48b6-8353-052deb0be973" testListId="8c84fa94-04c1-424b-9868-57a2d4851a1d" />
    <TestEntry testId="9d99423c-0e84-72e4-9e0e-9ddeb1be3b17" executionId="6eb7b8e9-dfa7-4376-88ce-714974ea7e63" testListId="8c84fa94-04c1-424b-9868-57a2d4851a1d" />
    <TestEntry testId="ef303848-b9de-1591-8662-204a8ebf10b2" executionId="01ae5841-b8f6-4520-a17e-d6876a44b843" testListId="8c84fa94-04c1-424b-9868-57a2d4851a1d" />
    <TestEntry testId="2cb93816-838b-e100-65eb-fb5cf497dfa5" executionId="ac8332bd-b86b-486d-8a4c-046150dd7a5b" testListId="8c84fa94-04c1-424b-9868-57a2d4851a1d" />
    <TestEntry testId="ced88e3d-25c6-77bf-fc64-030e9e55c18e" executionId="1e24d720-75e5-4c3e-bba8-cc4559561552" testListId="8c84fa94-04c1-424b-9868-57a2d4851a1d" />
    <TestEntry testId="8fb4e716-637d-097f-4cd4-600355f458cb" executionId="39e8d37c-c870-4984-85d3-e79b91755e86" testListId="8c84fa94-04c1-424b-9868-57a2d4851a1d" />
    <TestEntry testId="955ee398-83c6-9c7a-561e-355f7afd8b3d" executionId="3360778b-419b-4185-a9f4-3d4637cd3b24" testListId="8c84fa94-04c1-424b-9868-57a2d4851a1d" />
    <TestEntry testId="9810ad51-5416-6feb-0002-b31beff7640a" executionId="5bc638e7-b6cb-47a1-9f2d-c17c2c19315c" testListId="8c84fa94-04c1-424b-9868-57a2d4851a1d" />
    <TestEntry testId="a285e917-9824-4598-be81-4077514594d9" executionId="458bfa83-0d9f-4c89-bd9c-114c8d6b4cc6" testListId="8c84fa94-04c1-424b-9868-57a2d4851a1d" />
    <TestEntry testId="b3a4cfce-29c1-3a9d-06f2-28dcf8edaf44" executionId="cb3231a1-e1fe-446f-89ff-a5a83a83bfb7" testListId="8c84fa94-04c1-424b-9868-57a2d4851a1d" />
    <TestEntry testId="e7bd7ad1-6451-ab73-08a9-4e99ab70921c" executionId="69a9b339-f2d6-4775-9206-8c263706f1ab" testListId="8c84fa94-04c1-424b-9868-57a2d4851a1d" />
    <TestEntry testId="6a8d5d41-58a1-dad6-7027-e40c9077fb96" executionId="3b368e97-68e9-4c89-b514-f03aee3076e0" testListId="8c84fa94-04c1-424b-9868-57a2d4851a1d" />
    <TestEntry testId="1764bc4f-efab-b463-09cb-d5cc88eb95d4" executionId="86003651-9ed8-4016-8b6c-0420bebf3bb1" testListId="8c84fa94-04c1-424b-9868-57a2d4851a1d" />
    <TestEntry testId="8d6c2b23-0c3f-7148-aae1-1d854792ae23" executionId="b6dacb83-2000-472b-850c-34bc6df37188" testListId="8c84fa94-04c1-424b-9868-57a2d4851a1d" />
    <TestEntry testId="7cf07146-fed2-6972-399a-7b07a56c3b6c" executionId="9b037ada-24eb-4ff7-825a-0db221744fb8" testListId="8c84fa94-04c1-424b-9868-57a2d4851a1d" />
    <TestEntry testId="275944ea-f1b3-4e8f-5991-d66b5793ba75" executionId="4c78556e-9f7c-4069-97a6-c1290f4b4d0d" testListId="8c84fa94-04c1-424b-9868-57a2d4851a1d" />
    <TestEntry testId="5c806894-d0a0-a944-04be-39399bdf71d5" executionId="c12a1b8b-72b3-4dce-9314-81919f5b668f" testListId="8c84fa94-04c1-424b-9868-57a2d4851a1d" />
    <TestEntry testId="0832b680-8fac-1016-8df7-4999ffec1656" executionId="4b0d88f3-f2eb-4ef7-9c51-4caee0aa515a" testListId="8c84fa94-04c1-424b-9868-57a2d4851a1d" />
    <TestEntry testId="1ac2c33d-8e58-aa2a-1ce1-cc7925ce8e3a" executionId="63c7692a-7808-404d-b6c1-3c6783db424b" testListId="8c84fa94-04c1-424b-9868-57a2d4851a1d" />
    <TestEntry testId="6e3f46f0-d47e-458f-b2a9-b8787ee8f2c1" executionId="47842640-9039-4c62-bcbb-58a9020acffe" testListId="8c84fa94-04c1-424b-9868-57a2d4851a1d" />
    <TestEntry testId="2fabe963-a4bc-9f3a-b2d6-1c52cc38919a" executionId="10335562-3165-4bf3-8a25-5fd94d9ab81a" testListId="8c84fa94-04c1-424b-9868-57a2d4851a1d" />
    <TestEntry testId="39a1791b-d2d2-6093-cf61-dd864cbb2967" executionId="4496c03a-150d-432a-96c2-4e570fe01c22" testListId="8c84fa94-04c1-424b-9868-57a2d4851a1d" />
    <TestEntry testId="16504e93-19f7-6b04-c702-38bbf58a482a" executionId="49f92608-3026-4bf5-886a-f6d373699ec5" testListId="8c84fa94-04c1-424b-9868-57a2d4851a1d" />
    <TestEntry testId="8f528778-1959-76a6-71ca-e01b1261d35e" executionId="e1812bd8-15ca-4902-a9ea-f161c56f3eae" testListId="8c84fa94-04c1-424b-9868-57a2d4851a1d" />
    <TestEntry testId="f7bc372e-0020-4a22-f9d1-31de8dc17774" executionId="086b3e5f-4df0-47f6-b8c5-b2f40c69904c" testListId="8c84fa94-04c1-424b-9868-57a2d4851a1d" />
    <TestEntry testId="19f439d1-60ca-da1c-171d-adcad832d72e" executionId="228b1ba3-e5fa-427c-87fd-2304a20e1a66" testListId="8c84fa94-04c1-424b-9868-57a2d4851a1d" />
    <TestEntry testId="6361f1b7-9e2e-1643-23af-ef385e8a660f" executionId="a71ded55-7206-45bf-ad1e-6a54d14d6185" testListId="8c84fa94-04c1-424b-9868-57a2d4851a1d" />
    <TestEntry testId="1e4e163d-5fe9-7fbe-7adb-023924e11a2c" executionId="376879c9-937c-4453-bbe1-da70007a9f67" testListId="8c84fa94-04c1-424b-9868-57a2d4851a1d" />
    <TestEntry testId="5dee72a7-6d8b-ecd6-8df6-02f56aaa5aee" executionId="208edcff-3d72-4c00-9f6b-a447e94a3866" testListId="8c84fa94-04c1-424b-9868-57a2d4851a1d" />
    <TestEntry testId="6566a7cf-65e8-4e78-947c-712845cd2a8f" executionId="59546d70-d4b7-4934-8a49-32e3edafb4b4" testListId="8c84fa94-04c1-424b-9868-57a2d4851a1d" />
    <TestEntry testId="45f1f551-2da5-0333-74f0-6fb9324a6a55" executionId="756d6bf7-c7a3-47f6-9af1-fe2c87201169" testListId="8c84fa94-04c1-424b-9868-57a2d4851a1d" />
    <TestEntry testId="c086bb45-ca16-f55f-45d9-a35c76736e23" executionId="63cbdcee-f744-4260-82e6-7990bdfc20b7" testListId="8c84fa94-04c1-424b-9868-57a2d4851a1d" />
    <TestEntry testId="ebdb2969-ffae-e3ec-1f26-2593f11c2bdb" executionId="0739ef3b-5e2f-4859-897d-383daf0f81e2" testListId="8c84fa94-04c1-424b-9868-57a2d4851a1d" />
    <TestEntry testId="941a7f23-6b04-f4de-bf82-1e0ea5eb833e" executionId="05409ad5-8488-4ff6-8194-8757570087d1" testListId="8c84fa94-04c1-424b-9868-57a2d4851a1d" />
    <TestEntry testId="65dc89f1-8001-ce54-0e37-062dd5d17727" executionId="202b2b56-b2ed-4ef6-a790-fc9b76985c00" testListId="8c84fa94-04c1-424b-9868-57a2d4851a1d" />
    <TestEntry testId="71834364-4ff3-02a7-5d5c-a58a435d5faa" executionId="da4d7e76-cc8b-4e0a-bf64-2f1edf48e186" testListId="8c84fa94-04c1-424b-9868-57a2d4851a1d" />
    <TestEntry testId="fe21e90c-8bc3-0708-34a0-f26cdd0983aa" executionId="e070e951-1c62-40d0-97ee-9ed694cb1760" testListId="8c84fa94-04c1-424b-9868-57a2d4851a1d" />
    <TestEntry testId="c5eeca8e-3081-50bc-61b3-adeaaf746fba" executionId="c920bdd4-4e51-4ba3-81b2-0bd39639aa8a" testListId="8c84fa94-04c1-424b-9868-57a2d4851a1d" />
    <TestEntry testId="14435494-8be9-e0b8-1f75-8a218c5f6426" executionId="c0633b6a-de08-4372-92a4-8931da47479d" testListId="8c84fa94-04c1-424b-9868-57a2d4851a1d" />
    <TestEntry testId="12730a24-8da4-32a9-ab67-671e3d8e13f3" executionId="1c899637-9986-42c0-8afb-28e7cb1daacd" testListId="8c84fa94-04c1-424b-9868-57a2d4851a1d" />
    <TestEntry testId="e782410e-a5df-dc6c-8dbd-32279ca7eba5" executionId="6da02ec2-1252-4baf-ab46-903d9afc6169" testListId="8c84fa94-04c1-424b-9868-57a2d4851a1d" />
    <TestEntry testId="ea6b34c8-edf7-372a-f1f9-847b0bd7a5fc" executionId="151c4147-5d03-4b31-ae4f-239463b92a75" testListId="8c84fa94-04c1-424b-9868-57a2d4851a1d" />
    <TestEntry testId="2cffada9-0464-6f97-31fa-93ac7ff4c7e4" executionId="999d9545-7e32-48a1-b23d-2344b60715db" testListId="8c84fa94-04c1-424b-9868-57a2d4851a1d" />
    <TestEntry testId="d20c6069-e76c-8793-4be2-78bb79b716d7" executionId="d9d6be55-5937-4c69-91da-feb3f3254792" testListId="8c84fa94-04c1-424b-9868-57a2d4851a1d" />
    <TestEntry testId="d76a8703-4314-d877-ba7a-a72b666b7953" executionId="3df1563c-a851-4b84-84b3-9ca0f101e927" testListId="8c84fa94-04c1-424b-9868-57a2d4851a1d" />
    <TestEntry testId="d9e25c6c-85d5-a5c3-2961-3739c8551233" executionId="807cd88b-2ad1-4e01-941f-87e3cd667d9e" testListId="8c84fa94-04c1-424b-9868-57a2d4851a1d" />
    <TestEntry testId="df942b8f-eda2-03ee-914f-32c03e3b6390" executionId="6b6c38f9-daf5-471a-99ff-2d27d059dc93" testListId="8c84fa94-04c1-424b-9868-57a2d4851a1d" />
    <TestEntry testId="e6a64afb-5fd6-5e76-96a8-a9f50be8896c" executionId="a17a7c12-968e-46cd-8806-33554ba8865b" testListId="8c84fa94-04c1-424b-9868-57a2d4851a1d" />
    <TestEntry testId="f9547032-508d-48e2-ad8d-964a8db55d10" executionId="997653c9-9be1-41b5-bf18-073c892a914a" testListId="8c84fa94-04c1-424b-9868-57a2d4851a1d" />
    <TestEntry testId="9c77cbc3-fb61-1528-fe9f-b16cd814a2b7" executionId="e4ed83bd-aecd-4db4-b285-96efb556bc6e" testListId="8c84fa94-04c1-424b-9868-57a2d4851a1d" />
    <TestEntry testId="044efe4f-6e77-1ae0-3bbf-b6551bab96ba" executionId="a19d5441-6fdb-46b2-9c79-c8a0b33c2136" testListId="8c84fa94-04c1-424b-9868-57a2d4851a1d" />
    <TestEntry testId="3b7d24d6-e130-b4ad-88df-a5d21da91795" executionId="f368b2ed-fe76-432c-9580-bb59ac43c3ac" testListId="8c84fa94-04c1-424b-9868-57a2d4851a1d" />
    <TestEntry testId="228bdcfc-78b6-2679-c61b-6ad0d0d69a46" executionId="002a2dc1-9b27-4aee-a5c7-dc25c75228aa" testListId="8c84fa94-04c1-424b-9868-57a2d4851a1d" />
    <TestEntry testId="5e42c436-25b8-daca-47f1-0935c55ff308" executionId="000a5ce4-7052-4e06-8068-9c2c1ee90ad0" testListId="8c84fa94-04c1-424b-9868-57a2d4851a1d" />
    <TestEntry testId="157b3f45-6e1d-527f-3599-e1d51620ea60" executionId="2289dec1-85c7-4b54-b99d-53ca6a72d4a4" testListId="8c84fa94-04c1-424b-9868-57a2d4851a1d" />
    <TestEntry testId="accfe03c-fd23-2887-9d04-e09775c03727" executionId="d65c9523-dd8e-4f95-bdc4-32d6c8ea37d8" testListId="8c84fa94-04c1-424b-9868-57a2d4851a1d" />
    <TestEntry testId="6dcff511-2fb1-8892-f5f8-28fe6e261935" executionId="ab023d9a-6b9e-4d2b-9dbd-32f150264e9b" testListId="8c84fa94-04c1-424b-9868-57a2d4851a1d" />
    <TestEntry testId="329fa234-acd5-a0e7-088f-3c4df7277ebb" executionId="cb029b40-e745-4dc6-b6cd-e71ec3dc5884" testListId="8c84fa94-04c1-424b-9868-57a2d4851a1d" />
    <TestEntry testId="1a2451bd-9620-79c4-7f59-ebe838b76fff" executionId="f0f3da30-aafc-4380-8c5a-ca68556e617d" testListId="8c84fa94-04c1-424b-9868-57a2d4851a1d" />
    <TestEntry testId="5408f369-1f0f-2f69-446d-21b035383eeb" executionId="9224dc6a-954f-4c90-9095-a2dc31471eb4" testListId="8c84fa94-04c1-424b-9868-57a2d4851a1d" />
    <TestEntry testId="477a82cb-6007-f2b3-2630-e509786f2807" executionId="742926c8-0b20-4071-a8c4-40251c724030" testListId="8c84fa94-04c1-424b-9868-57a2d4851a1d" />
    <TestEntry testId="a09953bd-2465-01ed-fa5d-0bb0b60d87e5" executionId="5b5d7ed3-ae55-4a5a-b27f-f3c953c03b70" testListId="8c84fa94-04c1-424b-9868-57a2d4851a1d" />
    <TestEntry testId="a2591650-69e5-2228-a517-311596e75bfe" executionId="b14fce51-b164-4ffc-a072-68b69c623695" testListId="8c84fa94-04c1-424b-9868-57a2d4851a1d" />
    <TestEntry testId="746e07ba-e214-6611-668c-6213589375e5" executionId="e5269bb7-f441-48e1-b6e6-4e90154f3fdd" testListId="8c84fa94-04c1-424b-9868-57a2d4851a1d" />
    <TestEntry testId="a8d63b7a-ed21-65aa-4472-3be27be1bead" executionId="47378344-930f-4a68-a2a8-e3955217365a" testListId="8c84fa94-04c1-424b-9868-57a2d4851a1d" />
    <TestEntry testId="5994f5e0-70c3-51b7-c6e1-c52081793abc" executionId="2725c2a7-b850-4f16-9003-75245760c504" testListId="8c84fa94-04c1-424b-9868-57a2d4851a1d" />
    <TestEntry testId="c3c13bf7-07a3-9278-a0c2-b53a470b346d" executionId="5092625c-1cae-43d8-803f-35e723c386a0" testListId="8c84fa94-04c1-424b-9868-57a2d4851a1d" />
    <TestEntry testId="12a840cd-f132-2a9a-913d-16439210c0fb" executionId="c5636487-2cb0-4d40-aee6-6ee7a3191469" testListId="8c84fa94-04c1-424b-9868-57a2d4851a1d" />
    <TestEntry testId="db7e94cd-252d-a2e4-8990-5a8c18207a0f" executionId="21d477d2-5378-484c-8545-8d68bc34a95c" testListId="8c84fa94-04c1-424b-9868-57a2d4851a1d" />
    <TestEntry testId="6e7de22a-1ea6-f5bd-9153-47287e9e4432" executionId="33daa6cc-0727-498d-b2dc-897ff153896e" testListId="8c84fa94-04c1-424b-9868-57a2d4851a1d" />
    <TestEntry testId="6b853edf-0885-e7a3-4187-114e2dfe403c" executionId="5069a14d-56ff-4ff9-84c9-37be4f49bfba" testListId="8c84fa94-04c1-424b-9868-57a2d4851a1d" />
    <TestEntry testId="58591d22-b4f2-85a1-c3ad-f8974989204e" executionId="59fd4a8e-85c8-4342-8af1-268770fb1291" testListId="8c84fa94-04c1-424b-9868-57a2d4851a1d" />
    <TestEntry testId="ccd6016d-cba0-fb8b-6ea3-0f466ff04c31" executionId="18b4ebef-73f1-46b1-8ca8-0bfd9847bd4c" testListId="8c84fa94-04c1-424b-9868-57a2d4851a1d" />
    <TestEntry testId="198862e3-ee7b-6719-9e0a-fa7a48986be6" executionId="9fbdb304-5d64-41c2-af56-fb0603a690de" testListId="8c84fa94-04c1-424b-9868-57a2d4851a1d" />
    <TestEntry testId="44aee075-c8c9-ac7f-dd30-0ef5d05057b8" executionId="cb771ed0-82c3-410b-a668-f7e2bd795a92" testListId="8c84fa94-04c1-424b-9868-57a2d4851a1d" />
    <TestEntry testId="ef7efcf6-cb01-7cf7-b521-1ef007b4b44e" executionId="fd3e51ed-b035-4356-9303-5a2eb4394bd4" testListId="8c84fa94-04c1-424b-9868-57a2d4851a1d" />
  </TestEntries>
  <TestLists>
    <TestList name="Ergebnisse nicht in einer Liste" id="8c84fa94-04c1-424b-9868-57a2d4851a1d" />
    <TestList name="Alle geladenen Ergebnisse" id="19431567-8539-422a-85d7-44ee4e166bda" />
  </TestLists>
  <ResultSummary outcome="Completed">
    <Counters total="579" executed="579" passed="579" failed="0" error="0" timeout="0" aborted="0" inconclusive="0" passedButRunAborted="0" notRunnable="0" notExecuted="0" disconnected="0" warning="0" completed="0" inProgress="0" pending="0" />
    <Output>
      <StdOut>[xUnit.net 00:00:00.00] xUnit.net VSTest Adapter v3.1.5+1b188a7b0a (64-bit .NET 10.0.11)&#xD;
[xUnit.net 00:00:00.91]   Discovering: Rezepte.Tests&#xD;
[xUnit.net 00:00:01.04]   Discovered:  Rezepte.Tests&#xD;
[xUnit.net 00:00:01.13]   Starting:    Rezepte.Tests&#xD;
     Warning:&#xD;
     The component "Fluent Assertions" is governed by the rules defined in the Xceed License Agreement and&#xD;
     the Xceed Fluent Assertions Community License. You may use Fluent Assertions free of charge for&#xD;
     non-commercial use only. An active subscription is required to use Fluent Assertions for commercial use.&#xD;
     Please contact Xceed Sales mailto:sales@xceed.com to acquire a subscription at a very low cost.&#xD;
     A paid commercial license supports the development and continued increasing support of&#xD;
     Fluent Assertions users under both commercial and community licenses. Help us&#xD;
     keep Fluent Assertions at the forefront of unit testing.&#xD;
     For more information, visit https://xceed.com/products/unit-testing/fluent-assertions/&#xD;
[xUnit.net 00:01:51.89]   Finished:    Rezepte.Tests&#xD;
</StdOut>
    </Output>
  </ResultSummary>
</TestRun>